#
# A fatal error has been detected by the Java Runtime Environment:
#
#  EXCEPTION_ACCESS_VIOLATION (0xc0000005) at pc=0x5b15433b, pid=8108, tid=0x000011a8
#
# JRE version: Java(TM) SE Runtime Environment (8.0_161-b12) (build 1.8.0_161-b12)
# Java VM: Java HotSpot(TM) Client VM (25.161-b12 mixed mode windows-x86 )
# Problematic frame:
# V  [jvm.dll+0x9433b]
#
# Failed to write core dump. Minidumps are not enabled by default on client versions of Windows
#
# If you would like to submit a bug report, please visit:
#   http://bugreport.java.com/bugreport/crash.jsp
#

---------------  T H R E A D  ---------------

Current thread (0x00e5f000):  VMThread [stack: 0x03d90000,0x03de0000] [id=4520]

siginfo: ExceptionCode=0xc0000005, reading address 0x17046070

Registers:
EAX=0x5b39d001, EBX=0x03ddf68c, ECX=0x17046000, EDX=0x5b154330
ESP=0x03ddf4b0, EBP=0x03ddf4b4, ESI=0x03ddf68c, EDI=0x14274528
EIP=0x5b15433b, EFLAGS=0x00010206

Top of Stack: (sp=0x03ddf4b0)
0x03ddf4b0:   17046000 03ddf4cc 5b0fd7e1 17046000
0x03ddf4c0:   14274528 03ddf650 03ddf650 03ddf4e0
0x03ddf4d0:   5b15e2d8 03ddf6b0 03ddf68c 00000000
0x03ddf4e0:   03ddf4f8 5b0fdadb 14274528 00d78830
0x03ddf4f0:   00000000 03ddf650 03ddf51c 5b158cc6
0x03ddf500:   03ddf650 03ddf650 00d78830 03ddf6b0
0x03ddf510:   00000000 00000001 00d78830 03ddf560
0x03ddf520:   5b159fe1 00000001 00000010 03ddf6b0 

Instructions: (pc=0x5b15433b)
0x5b15431b:   8b 48 38 89 4e 0c 8b c6 5e 5d c2 04 00 cc cc cc
0x5b15432b:   cc cc cc cc cc 55 8b ec 56 8b f1 8b 4d 08 b0 01
0x5b15433b:   38 41 70 75 2b 80 7e 0c 00 74 03 88 41 71 c6 41
0x5b15434b:   70 00 8b 46 08 89 48 1c 8b 11 8b 46 08 8b 92 b4 


Register to memory mapping:

EAX=0x5b39d001 is an unknown value
EBX=0x03ddf68c is an unknown value
ECX=
[error occurred during error reporting (printing register info), id 0xc0000005]

Stack: [0x03d90000,0x03de0000],  sp=0x03ddf4b0,  free space=317k
Native frames: (J=compiled Java code, j=interpreted, Vv=VM code, C=native code)
V  [jvm.dll+0x9433b]
V  [jvm.dll+0x3d7e1]
V  [jvm.dll+0x9e2d8]
V  [jvm.dll+0x3dadb]
V  [jvm.dll+0x98cc6]
V  [jvm.dll+0x99fe1]
V  [jvm.dll+0x95ef9]
V  [jvm.dll+0x99bb3]
V  [jvm.dll+0x93b25]
V  [jvm.dll+0x1b9ef6]
V  [jvm.dll+0x18411b]
V  [jvm.dll+0x183521]
V  [jvm.dll+0x183937]
V  [jvm.dll+0x183b32]
V  [jvm.dll+0x1c3be6]
C  [msvcr100.dll+0x10fac]
C  [msvcr100.dll+0x110b1]
C  [kernel32.dll+0x51194]
C  [ntdll.dll+0x5b429]
C  [ntdll.dll+0x5b3fc]

VM_Operation (0x00d0f0f8): GenCollectForAllocation, mode: safepoint, requested by thread 0x00c6f400


---------------  P R O C E S S  ---------------

Java Threads: ( => current thread )
  0x142e6400 JavaThread "Service Thread" daemon [_thread_blocked, id=5980, stack(0x146c0000,0x14710000)]
  0x142ca800 JavaThread "C1 CompilerThread0" daemon [_thread_blocked, id=8164, stack(0x147a0000,0x147f0000)]
  0x142c9800 JavaThread "Attach Listener" daemon [_thread_blocked, id=8648, stack(0x03cd0000,0x03d20000)]
  0x142c6800 JavaThread "Signal Dispatcher" daemon [_thread_blocked, id=8140, stack(0x14650000,0x146a0000)]
  0x1429e400 JavaThread "Finalizer" daemon [_thread_blocked, id=5084, stack(0x14540000,0x14590000)]
  0x14277c00 JavaThread "Reference Handler" daemon [_thread_blocked, id=2576, stack(0x144e0000,0x14530000)]
  0x00c6f400 JavaThread "main" [_thread_blocked, id=5112, stack(0x00cc0000,0x00d10000)]

Other Threads:
=>0x00e5f000 VMThread [stack: 0x03d90000,0x03de0000] [id=4520]
  0x142f8400 WatcherThread [stack: 0x14720000,0x14770000] [id=8512]

VM state:at safepoint (normal execution)

VM Mutex/Monitor currently owned by a thread:  ([mutex/lock_event])
[0x00d72750] Threads_lock - owner thread: 0x00e5f000
[0x00d72b60] Heap_lock - owner thread: 0x00c6f400

Heap:
 def new generation   total 9472K, used 9078K [0x03e00000, 0x04840000, 0x09350000)
  eden space 8448K, 100% used [0x03e00000, 0x04640000, 0x04640000)
  from space 1024K,  61% used [0x04640000, 0x046dd920, 0x04740000)
  to   space 1024K,   1% used [0x04740000, 0x047450a8, 0x04840000)
 tenured generation   total 20872K, used 12640K [0x09350000, 0x0a7b2000, 0x13e00000)
   the space 20872K,  60% used [0x09350000, 0x09fa81f0, 0x09fa8200, 0x0a7b2000)
 Metaspace       used 14105K, capacity 14197K, committed 14336K, reserved 14720K

Card table byte_map: [0x03c10000,0x03ca0000] byte_map_base: 0x03bf1000

Polling page: 0x00460000

CodeCache: size=32768Kb used=2706Kb max_used=2706Kb free=30061Kb
 bounds [0x01c10000, 0x01eb8000, 0x03c10000]
 total_blobs=1384 nmethods=1216 adapters=98
 compilation: enabled

Compilation events (10 events):
Event: 5.350 Thread 0x142ca800 1231             org.springframework.asm.Frame::pop (45 bytes)
Event: 5.350 Thread 0x142ca800 nmethod 1231 0x01eb40c8 code [0x01eb41c0, 0x01eb4270]
Event: 5.350 Thread 0x142ca800 1232             org.springframework.asm.ClassWriter::newClassItem (70 bytes)
Event: 5.350 Thread 0x142ca800 nmethod 1232 0x01eb4308 code [0x01eb4450, 0x01eb4618]
Event: 5.352 Thread 0x142ca800 1233             org.springframework.asm.ClassVisitor::<init> (7 bytes)
Event: 5.352 Thread 0x142ca800 nmethod 1233 0x01eb4788 code [0x01eb4890, 0x01eb499c]
Event: 5.353 Thread 0x142ca800 1234             org.springframework.asm.Label::resolve (214 bytes)
Event: 5.353 Thread 0x142ca800 nmethod 1234 0x01eb4a48 code [0x01eb4b60, 0x01eb4dd0]
Event: 5.354 Thread 0x142ca800 1235             org.springframework.cglib.core.Signature::getDescriptor (5 bytes)
Event: 5.354 Thread 0x142ca800 nmethod 1235 0x01eb50c8 code [0x01eb51c0, 0x01eb5240]

GC Heap History (10 events):
Event: 4.679 GC heap after
Heap after GC invocations=45 (full 1):
 def new generation   total 7104K, used 767K [0x03e00000, 0x045b0000, 0x09350000)
  eden space 6336K,   0% used [0x03e00000, 0x03e00000, 0x04430000)
  from space 768K,  99% used [0x04430000, 0x044efef8, 0x044f0000)
  to   space 768K,   0% used [0x044f0000, 0x044f0000, 0x045b0000)
 tenured generation   total 15696K, used 15202K [0x09350000, 0x0a2a4000, 0x13e00000)
   the space 15696K,  96% used [0x09350000, 0x0a2289a0, 0x0a228a00, 0x0a2a4000)
 Metaspace       used 13002K, capacity 13072K, committed 13184K, reserved 13696K
}
Event: 4.829 GC heap before
{Heap before GC invocations=45 (full 1):
 def new generation   total 7104K, used 7103K [0x03e00000, 0x045b0000, 0x09350000)
  eden space 6336K, 100% used [0x03e00000, 0x04430000, 0x04430000)
  from space 768K,  99% used [0x04430000, 0x044efef8, 0x044f0000)
  to   space 768K,   0% used [0x044f0000, 0x044f0000, 0x045b0000)
 tenured generation   total 15696K, used 15202K [0x09350000, 0x0a2a4000, 0x13e00000)
   the space 15696K,  96% used [0x09350000, 0x0a2289a0, 0x0a228a00, 0x0a2a4000)
 Metaspace       used 13327K, capacity 13392K, committed 13440K, reserved 13696K
Event: 4.833 GC heap after
Heap after GC invocations=46 (full 1):
 def new generation   total 7104K, used 767K [0x03e00000, 0x045b0000, 0x09350000)
  eden space 6336K,   0% used [0x03e00000, 0x03e00000, 0x04430000)
  from space 768K,  99% used [0x044f0000, 0x045afff8, 0x045b0000)
  to   space 768K,   0% used [0x04430000, 0x04430000, 0x044f0000)
 tenured generation   total 15696K, used 15605K [0x09350000, 0x0a2a4000, 0x13e00000)
   the space 15696K,  99% used [0x09350000, 0x0a28d560, 0x0a28d600, 0x0a2a4000)
 Metaspace       used 13327K, capacity 13392K, committed 13440K, reserved 13696K
}
Event: 4.878 GC heap before
{Heap before GC invocations=46 (full 1):
 def new generation   total 7104K, used 7103K [0x03e00000, 0x045b0000, 0x09350000)
  eden space 6336K, 100% used [0x03e00000, 0x04430000, 0x04430000)
  from space 768K,  99% used [0x044f0000, 0x045afff8, 0x045b0000)
  to   space 768K,   0% used [0x04430000, 0x04430000, 0x044f0000)
 tenured generation   total 15696K, used 15605K [0x09350000, 0x0a2a4000, 0x13e00000)
   the space 15696K,  99% used [0x09350000, 0x0a28d560, 0x0a28d600, 0x0a2a4000)
 Metaspace       used 13377K, capacity 13456K, committed 13568K, reserved 13696K
Event: 4.922 GC heap after
Heap after GC invocations=47 (full 2):
 def new generation   total 9472K, used 0K [0x03e00000, 0x04840000, 0x09350000)
  eden space 8448K,   0% used [0x03e00000, 0x03e00000, 0x04640000)
  from space 1024K,   0% used [0x04640000, 0x04640000, 0x04740000)
  to   space 1024K,   0% used [0x04740000, 0x04740000, 0x04840000)
 tenured generation   total 20872K, used 12521K [0x09350000, 0x0a7b2000, 0x13e00000)
   the space 20872K,  59% used [0x09350000, 0x09f8a718, 0x09f8a800, 0x0a7b2000)
 Metaspace       used 13377K, capacity 13456K, committed 13568K, reserved 13696K
}
Event: 4.999 GC heap before
{Heap before GC invocations=47 (full 2):
 def new generation   total 9472K, used 8448K [0x03e00000, 0x04840000, 0x09350000)
  eden space 8448K, 100% used [0x03e00000, 0x04640000, 0x04640000)
  from space 1024K,   0% used [0x04640000, 0x04640000, 0x04740000)
  to   space 1024K,   0% used [0x04740000, 0x04740000, 0x04840000)
 tenured generation   total 20872K, used 12521K [0x09350000, 0x0a7b2000, 0x13e00000)
   the space 20872K,  59% used [0x09350000, 0x09f8a718, 0x09f8a800, 0x0a7b2000)
 Metaspace       used 13448K, capacity 13520K, committed 13568K, reserved 13696K
Event: 5.001 GC heap after
Heap after GC invocations=48 (full 2):
 def new generation   total 9472K, used 524K [0x03e00000, 0x04840000, 0x09350000)
  eden space 8448K,   0% used [0x03e00000, 0x03e00000, 0x04640000)
  from space 1024K,  51% used [0x04740000, 0x047c3148, 0x04840000)
  to   space 1024K,   0% used [0x04640000, 0x04640000, 0x04740000)
 tenured generation   total 20872K, used 12521K [0x09350000, 0x0a7b2000, 0x13e00000)
   the space 20872K,  59% used [0x09350000, 0x09f8a718, 0x09f8a800, 0x0a7b2000)
 Metaspace       used 13448K, capacity 13520K, committed 13568K, reserved 13696K
}
Event: 5.103 GC heap before
{Heap before GC invocations=48 (full 2):
 def new generation   total 9472K, used 8972K [0x03e00000, 0x04840000, 0x09350000)
  eden space 8448K, 100% used [0x03e00000, 0x04640000, 0x04640000)
  from space 1024K,  51% used [0x04740000, 0x047c3148, 0x04840000)
  to   space 1024K,   0% used [0x04640000, 0x04640000, 0x04740000)
 tenured generation   total 20872K, used 12521K [0x09350000, 0x0a7b2000, 0x13e00000)
   the space 20872K,  59% used [0x09350000, 0x09f8a718, 0x09f8a800, 0x0a7b2000)
 Metaspace       used 13659K, capacity 13712K, committed 13824K, reserved 14720K
Event: 5.107 GC heap after
Heap after GC invocations=49 (full 2):
 def new generation   total 9472K, used 630K [0x03e00000, 0x04840000, 0x09350000)
  eden space 8448K,   0% used [0x03e00000, 0x03e00000, 0x04640000)
  from space 1024K,  61% used [0x04640000, 0x046dd920, 0x04740000)
  to   space 1024K,   0% used [0x04740000, 0x04740000, 0x04840000)
 tenured generation   total 20872K, used 12630K [0x09350000, 0x0a7b2000, 0x13e00000)
   the space 20872K,  60% used [0x09350000, 0x09fa5ba0, 0x09fa5c00, 0x0a7b2000)
 Metaspace       used 13659K, capacity 13712K, committed 13824K, reserved 14720K
}
Event: 5.355 GC heap before
{Heap before GC invocations=49 (full 2):
 def new generation   total 9472K, used 9078K [0x03e00000, 0x04840000, 0x09350000)
  eden space 8448K, 100% used [0x03e00000, 0x04640000, 0x04640000)
  from space 1024K,  61% used [0x04640000, 0x046dd920, 0x04740000)
  to   space 1024K,   0% used [0x04740000, 0x04740000, 0x04840000)
 tenured generation   total 20872K, used 12630K [0x09350000, 0x0a7b2000, 0x13e00000)
   the space 20872K,  60% used [0x09350000, 0x09fa5ba0, 0x09fa5c00, 0x0a7b2000)
 Metaspace       used 14105K, capacity 14197K, committed 14336K, reserved 14720K

Deoptimization events (0 events):
No events

Classes redefined (0 events):
No events

Internal exceptions (10 events):
Event: 5.004 Thread 0x00c6f400 Exception <a 'java/lang/ArrayIndexOutOfBoundsException'> (0x03e0b710) thrown at [C:\re\workspace\8-2-build-windows-i586-cygwin\jdk8u161\10277\hotspot\src\share\vm\runtime\sharedRuntime.cpp, line 605]
Event: 5.020 Thread 0x00c6f400 Exception <a 'java/lang/ArrayIndexOutOfBoundsException'> (0x03f5e8f8) thrown at [C:\re\workspace\8-2-build-windows-i586-cygwin\jdk8u161\10277\hotspot\src\share\vm\runtime\sharedRuntime.cpp, line 605]
Event: 5.027 Thread 0x00c6f400 Exception <a 'java/lang/ArrayIndexOutOfBoundsException'> (0x03feaac8) thrown at [C:\re\workspace\8-2-build-windows-i586-cygwin\jdk8u161\10277\hotspot\src\share\vm\runtime\sharedRuntime.cpp, line 605]
Event: 5.034 Thread 0x00c6f400 Exception <a 'java/lang/ArrayIndexOutOfBoundsException'> (0x040a7af8) thrown at [C:\re\workspace\8-2-build-windows-i586-cygwin\jdk8u161\10277\hotspot\src\share\vm\runtime\sharedRuntime.cpp, line 605]
Event: 5.297 Thread 0x00c6f400 Exception <a 'java/lang/ArrayIndexOutOfBoundsException'> (0x043a4a08) thrown at [C:\re\workspace\8-2-build-windows-i586-cygwin\jdk8u161\10277\hotspot\src\share\vm\runtime\sharedRuntime.cpp, line 605]
Event: 5.297 Thread 0x00c6f400 Exception <a 'java/lang/ArrayIndexOutOfBoundsException'> (0x043a5ce8) thrown at [C:\re\workspace\8-2-build-windows-i586-cygwin\jdk8u161\10277\hotspot\src\share\vm\runtime\sharedRuntime.cpp, line 605]
Event: 5.297 Thread 0x00c6f400 Exception <a 'java/lang/ArrayIndexOutOfBoundsException'> (0x043a7408) thrown at [C:\re\workspace\8-2-build-windows-i586-cygwin\jdk8u161\10277\hotspot\src\share\vm\runtime\sharedRuntime.cpp, line 605]
Event: 5.297 Thread 0x00c6f400 Exception <a 'java/lang/ArrayIndexOutOfBoundsException'> (0x043a9318) thrown at [C:\re\workspace\8-2-build-windows-i586-cygwin\jdk8u161\10277\hotspot\src\share\vm\runtime\sharedRuntime.cpp, line 605]
Event: 5.298 Thread 0x00c6f400 Exception <a 'java/lang/ArrayIndexOutOfBoundsException'> (0x043ab0c0) thrown at [C:\re\workspace\8-2-build-windows-i586-cygwin\jdk8u161\10277\hotspot\src\share\vm\runtime\sharedRuntime.cpp, line 605]
Event: 5.298 Thread 0x00c6f400 Exception <a 'java/lang/ArrayIndexOutOfBoundsException'> (0x043abc90) thrown at [C:\re\workspace\8-2-build-windows-i586-cygwin\jdk8u161\10277\hotspot\src\share\vm\runtime\sharedRuntime.cpp, line 605]

Events (10 events):
Event: 5.294 loading class org/springframework/security/config/annotation/web/builders/HttpSecurity done
Event: 5.295 loading class org/springframework/security/config/annotation/web/HttpSecurityBuilder
Event: 5.295 loading class org/springframework/security/config/annotation/web/HttpSecurityBuilder done
Event: 5.295 loading class org/springframework/security/config/annotation/web/builders/WebSecurity
Event: 5.295 loading class org/springframework/security/config/annotation/web/builders/WebSecurity done
Event: 5.297 loading class org/springframework/util/ReflectionUtils$1
Event: 5.297 loading class org/springframework/util/ReflectionUtils$1 done
Event: 5.299 loading class org/springframework/cglib/proxy/BridgeMethodResolver$BridgedFinder$1
Event: 5.299 loading class org/springframework/cglib/proxy/BridgeMethodResolver$BridgedFinder$1 done
Event: 5.355 Executing VM operation: GenCollectForAllocation


Dynamic libraries:
0x00ed0000 - 0x00f03000 	C:\Program Files\Java\jdk1.8.0_161\bin\javaw.exe
0x77590000 - 0x776cd000 	C:\Windows\SYSTEM32\ntdll.dll
0x765d0000 - 0x766a4000 	C:\Windows\system32\kernel32.dll
0x75810000 - 0x7585a000 	C:\Windows\system32\KERNELBASE.dll
0x763e0000 - 0x76480000 	C:\Windows\system32\ADVAPI32.dll
0x75e90000 - 0x75f3c000 	C:\Windows\system32\msvcrt.dll
0x76340000 - 0x76359000 	C:\Windows\SYSTEM32\sechost.dll
0x766b0000 - 0x76751000 	C:\Windows\system32\RPCRT4.dll
0x76240000 - 0x76309000 	C:\Windows\system32\USER32.dll
0x76510000 - 0x7655e000 	C:\Windows\system32\GDI32.dll
0x76310000 - 0x7631a000 	C:\Windows\system32\LPK.dll
0x75c60000 - 0x75cfd000 	C:\Windows\system32\USP10.dll
0x745a0000 - 0x7473e000 	C:\Windows\WinSxS\x86_microsoft.windows.common-controls_6595b64144ccf1df_6.0.7600.16661_none_420fe3fa2b8113bd\COMCTL32.dll
0x76570000 - 0x765c7000 	C:\Windows\system32\SHLWAPI.dll
0x76320000 - 0x7633f000 	C:\Windows\system32\IMM32.DLL
0x776f0000 - 0x777bc000 	C:\Windows\system32\MSCTF.dll
0x63bb0000 - 0x63c6d000 	C:\Program Files\Java\jdk1.8.0_161\jre\bin\msvcr100.dll
0x5b0c0000 - 0x5b490000 	C:\Program Files\Java\jdk1.8.0_161\jre\bin\client\jvm.dll
0x6bff0000 - 0x6bff7000 	C:\Windows\system32\WSOCK32.dll
0x76760000 - 0x76795000 	C:\Windows\system32\WS2_32.dll
0x776d0000 - 0x776d6000 	C:\Windows\system32\NSI.dll
0x74030000 - 0x74062000 	C:\Windows\system32\WINMM.dll
0x74cd0000 - 0x74cd9000 	C:\Windows\system32\VERSION.dll
0x776e0000 - 0x776e5000 	C:\Windows\system32\PSAPI.DLL
0x720f0000 - 0x720fc000 	C:\Program Files\Java\jdk1.8.0_161\jre\bin\verify.dll
0x70a50000 - 0x70a72000 	C:\Program Files\Java\jdk1.8.0_161\jre\bin\java.dll
0x716d0000 - 0x716e4000 	C:\Program Files\Java\jdk1.8.0_161\jre\bin\zip.dll
0x76940000 - 0x77589000 	C:\Windows\system32\SHELL32.dll
0x75ad0000 - 0x75c2c000 	C:\Windows\system32\ole32.dll
0x756e0000 - 0x756eb000 	C:\Windows\system32\profapi.dll
0x733e0000 - 0x733ea000 	C:\Program Files\Java\jdk1.8.0_161\jre\bin\management.dll
0x6ee40000 - 0x6ee55000 	C:\Program Files\Java\jdk1.8.0_161\jre\bin\net.dll
0x75150000 - 0x7518c000 	C:\Windows\system32\mswsock.dll
0x75140000 - 0x75146000 	C:\Windows\System32\wship6.dll
0x74020000 - 0x74030000 	C:\Windows\system32\NLAapi.dll
0x75010000 - 0x75054000 	C:\Windows\system32\DNSAPI.dll
0x721b0000 - 0x721bf000 	C:\Program Files\Java\jdk1.8.0_161\jre\bin\nio.dll
0x6ca80000 - 0x6ca88000 	C:\Windows\System32\winrnr.dll
0x6ca70000 - 0x6ca80000 	C:\Windows\system32\napinsp.dll
0x6ca50000 - 0x6ca62000 	C:\Windows\system32\pnrpnsp.dll
0x74870000 - 0x7487d000 	C:\Windows\system32\wshbth.dll
0x74bc0000 - 0x74bc5000 	C:\Windows\System32\wshtcpip.dll
0x72010000 - 0x7202c000 	C:\Windows\system32\IPHLPAPI.DLL
0x72000000 - 0x72007000 	C:\Windows\system32\WINNSI.DLL
0x6c6f0000 - 0x6c6f6000 	C:\Windows\system32\rasadhlp.dll
0x71f70000 - 0x71fa8000 	C:\Windows\System32\fwpuclnt.dll
0x6d5d0000 - 0x6d6bb000 	C:\Windows\system32\dbghelp.dll

VM Arguments:
jvm_args: -Dfile.encoding=UTF-8 
java_command: springboot.com.Application
java_class_path (initial): C:\Program Files\Java\jdk1.8.0_161\jre\lib\resources.jar;C:\Program Files\Java\jdk1.8.0_161\jre\lib\rt.jar;C:\Program Files\Java\jdk1.8.0_161\jre\lib\jsse.jar;C:\Program Files\Java\jdk1.8.0_161\jre\lib\jce.jar;C:\Program Files\Java\jdk1.8.0_161\jre\lib\charsets.jar;C:\Program Files\Java\jdk1.8.0_161\jre\lib\jfr.jar;C:\Program Files\Java\jdk1.8.0_161\jre\lib\ext\access-bridge.jar;C:\Program Files\Java\jdk1.8.0_161\jre\lib\ext\cldrdata.jar;C:\Program Files\Java\jdk1.8.0_161\jre\lib\ext\dnsns.jar;C:\Program Files\Java\jdk1.8.0_161\jre\lib\ext\jaccess.jar;C:\Program Files\Java\jdk1.8.0_161\jre\lib\ext\jfxrt.jar;C:\Program Files\Java\jdk1.8.0_161\jre\lib\ext\localedata.jar;C:\Program Files\Java\jdk1.8.0_161\jre\lib\ext\nashorn.jar;C:\Program Files\Java\jdk1.8.0_161\jre\lib\ext\sunec.jar;C:\Program Files\Java\jdk1.8.0_161\jre\lib\ext\sunjce_provider.jar;C:\Program Files\Java\jdk1.8.0_161\jre\lib\ext\sunmscapi.jar;C:\Program Files\Java\jdk1.8.0_161\jre\lib\ext\sunpkcs11.jar;C:\Program Files\Java\jdk1.8.0_161\jre\lib\ext\zipfs.jar;C:\Users\wlh\eclipse-workspace\springboot\target\classes;E:\workSpace\Util5\bin;F:\xvxm\32\eclipse\plugins\org.junit_4.12.0.v201504281640\junit.jar;F:\xvxm\32\eclipse\plugins\org.hamcrest.core_1.3.0.v201303031735.jar;C:\Users\wlh\.m2\repository\org\springframework\boot\spring-boot-starter\1.3.2.RELEASE\spring-boot-starter-1.3.2.RELEASE.jar;C:\Users\wlh\.m2\repository\org\springframework\boot\spring-boot\1.3.2.RELEASE\spring-boot-1.3.2.RELEASE.jar;C:\Users\wlh\.m2\repository\org\springframework\spring-context\4.2.4.RELEASE\spring-context-4.2.4.RELEASE.jar;C:\Users\wlh\.m2\repository\org\springframework\boot\spring-boot-autoconfigure\1.3.2.RELEASE\spring-boot-autoconfigure-1.3.2.RELEASE.jar;C:\Users\wlh\.m2\repository\org\springframework\boot\spring-boot-starter-logging\1.3.2.RELEASE\spring-boot-starter-logging-1.3.2.RELEASE.jar;C:\Users\wlh\.m2\repository\ch\qos\logback\logback-classic\1.1.3\logback-classic-1.1.3.jar;C:
Launcher Type: SUN_STANDARD

Environment Variables:
JAVA_HOME=C:\Program Files\Java\jdk1.8.0_161
CLASSPATH=.
PATH=C:/Program Files/Java/jdk1.8.0_161/bin/../jre/bin/client;C:/Program Files/Java/jdk1.8.0_161/bin/../jre/bin;C:/Program Files/Java/jdk1.8.0_161/bin/../jre/lib/i386;C:\Program Files\Java\jdk1.8.0_161\bin;D:\maven_jdk8\apache-maven-3.5.0\bin;C:\Windows\system32;C:\Windows;C:\Windows\System32\Wbem;C:\Windows\System32\WindowsPowerShell\v1.0\;C:\Program Files\Intel\WiFi\bin\;C:\Program Files\Common Files\Intel\WirelessCommon\\WirelessCommon\;C:\Program Files\Intel\WiFi\bin\;C:\Program Files\Common Files\Intel\WirelessCommon\;F:\xvxm\32\eclipse;
USERNAME=wlh
OS=Windows_NT
PROCESSOR_IDENTIFIER=x86 Family 6 Model 60 Stepping 3, GenuineIntel



---------------  S Y S T E M  ---------------

OS: Windows 7 Build 7600 (6.1.7600.16481)

CPU:total 2 (initial active 2) (2 cores per cpu, 1 threads per core) family 6 model 60 stepping 3, cmov, cx8, fxsr, mmx, sse, sse2, sse3, ssse3, sse4.1, sse4.2, popcnt, clmul, erms, lzcnt, tsc, tscinvbit

Memory: 4k page, physical 3327528k(1459308k free), swap 6653296k(4137540k free)

vm_info: Java HotSpot(TM) Client VM (25.161-b12) for windows-x86 JRE (1.8.0_161-b12), built on Dec 19 2017 17:09:29 by "java_re" with MS VC++ 10.0 (VS2010)

time: Sat Apr 21 17:15:05 2018
elapsed time: 5 seconds (0d 0h 0m 5s)

