#
# A fatal error has been detected by the Java Runtime Environment:
#
#  EXCEPTION_ACCESS_VIOLATION (0xc0000005) at pc=0x56b3c484, pid=10100, tid=0x00001694
#
# JRE version: Java(TM) SE Runtime Environment (8.0_161-b12) (build 1.8.0_161-b12)
# Java VM: Java HotSpot(TM) Client VM (25.161-b12 mixed mode, sharing windows-x86 )
# Problematic frame:
# V  [jvm.dll+0x4c484]
#
# Failed to write core dump. Minidumps are not enabled by default on client versions of Windows
#
# If you would like to submit a bug report, please visit:
#   http://bugreport.java.com/bugreport/crash.jsp
#

---------------  T H R E A D  ---------------

Current thread (0x15943800):  JavaThread "background-preinit" [_thread_in_vm, id=5780, stack(0x15b70000,0x15bc0000)]

siginfo: ExceptionCode=0xc0000005, reading address 0xe321e6f8

Registers:
EAX=0x15412230, EBX=0x00000002, ECX=0x00003b30, EDX=0xe321e6f9
ESP=0x15bbcd98, EBP=0x15bbcda8, ESI=0xe321e6f8, EDI=0x00000012
EIP=0x56b3c484, EFLAGS=0x00010202

Top of Stack: (sp=0x15bbcd98)
0x15bbcd98:   00000012 e321e6f9 15dde5c2 0194a3c8
0x15bbcda8:   15bbcdcc 56b3c53c 00003b30 15dde5c2
0x15bbcdb8:   00000012 e321e6f9 15bbd254 00000147
0x15bbcdc8:   00000012 15bbceb0 56b23a97 15dde5c2
0x15bbcdd8:   00000012 15bbce00 15bbd254 15943800
0x15bbcde8:   16923300 16923018 15943800 00000002
0x15bbcdf8:   00000000 15bbd3a4 e321e6f9 00000003
0x15bbce08:   15dde3cd 15dde4db 15dde565 15dddfe7 

Instructions: (pc=0x56b3c484)
0x56b3c464:   8b 41 04 53 89 4d fc 8b 4d 08 56 8b 34 88 8d 04
0x56b3c474:   88 33 db 57 85 f6 74 46 8d 64 24 00 8b 55 14 43
0x56b3c484:   39 16 75 16 8b 45 10 8b 4d 0c 8b 7e 08 50 51 8b
0x56b3c494:   cf e8 36 84 08 00 84 c0 75 2f 8b 76 04 83 e6 fe 


Register to memory mapping:

EAX=0x15412230 is pointing into metadata
EBX=0x00000002 is an unknown value
ECX=0x00003b30 is an unknown value
EDX=0xe321e6f9 is an unknown value
ESP=0x15bbcd98 is pointing into the stack for thread: 0x15943800
EBP=0x15bbcda8 is pointing into the stack for thread: 0x15943800
ESI=0xe321e6f8 is an unknown value
EDI=0x00000012 is an unknown value


Stack: [0x15b70000,0x15bc0000],  sp=0x15bbcd98,  free space=307k
Native frames: (J=compiled Java code, j=interpreted, Vv=VM code, C=native code)
V  [jvm.dll+0x4c484]
V  [jvm.dll+0x4c53c]
V  [jvm.dll+0x33a97]
V  [jvm.dll+0x33db3]
V  [jvm.dll+0x39be5]
V  [jvm.dll+0x508c5]
V  [jvm.dll+0x1084a9]
V  [jvm.dll+0x10867b]
C  [java.dll+0x1cb6]
C  0x2f007261

Java frames: (J=compiled Java code, j=interpreted, Vv=VM code)
J 582  java.lang.ClassLoader.defineClass1(Ljava/lang/String;[BIILjava/security/ProtectionDomain;Ljava/lang/String;)Ljava/lang/Class; (0 bytes) @ 0x01c88df6 [0x01c88d50+0xa6]
J 578 C1 java.lang.ClassLoader.defineClass(Ljava/lang/String;[BIILjava/security/ProtectionDomain;)Ljava/lang/Class; (43 bytes) @ 0x01c8abf8 [0x01c8ab50+0xa8]
J 583 C1 java.net.URLClassLoader.defineClass(Ljava/lang/String;Lsun/misc/Resource;)Ljava/lang/Class; (142 bytes) @ 0x01c8d7ac [0x01c8cf20+0x88c]
J 385 C1 java.net.URLClassLoader$1.run()Ljava/lang/Class; (63 bytes) @ 0x01c54b54 [0x01c54ad0+0x84]
J 384 C1 java.net.URLClassLoader$1.run()Ljava/lang/Object; (5 bytes) @ 0x01c548a0 [0x01c54880+0x20]
v  ~StubRoutines::call_stub
J 361  java.security.AccessController.doPrivileged(Ljava/security/PrivilegedExceptionAction;Ljava/security/AccessControlContext;)Ljava/lang/Object; (0 bytes) @ 0x01c4e647 [0x01c4e5e0+0x67]
J 382 C1 java.net.URLClassLoader.findClass(Ljava/lang/String;)Ljava/lang/Class; (47 bytes) @ 0x01c542a4 [0x01c54220+0x84]
J 327 C1 java.lang.ClassLoader.loadClass(Ljava/lang/String;Z)Ljava/lang/Class; (122 bytes) @ 0x01c4438c [0x01c44130+0x25c]
J 474 C1 sun.misc.Launcher$AppClassLoader.loadClass(Ljava/lang/String;Z)Ljava/lang/Class; (85 bytes) @ 0x01c262d8 [0x01c26080+0x258]
J 472 C1 java.lang.ClassLoader.loadClass(Ljava/lang/String;)Ljava/lang/Class; (7 bytes) @ 0x01c26ffc [0x01c26fd0+0x2c]
v  ~StubRoutines::call_stub
j  com.fasterxml.jackson.databind.ObjectMapper.<clinit>()V+9
v  ~StubRoutines::call_stub
j  org.springframework.http.converter.json.Jackson2ObjectMapperBuilder.build()Lcom/fasterxml/jackson/databind/ObjectMapper;+71
j  org.springframework.http.converter.json.MappingJackson2HttpMessageConverter.<init>()V+4
j  org.springframework.http.converter.support.AllEncompassingFormHttpMessageConverter.<init>()V+49
j  org.springframework.boot.autoconfigure.BackgroundPreinitializer$MessageConverterInitializer.run()V+4
j  org.springframework.boot.autoconfigure.BackgroundPreinitializer$1.runSafely(Ljava/lang/Runnable;)V+1
j  org.springframework.boot.autoconfigure.BackgroundPreinitializer$1.run()V+33
j  java.lang.Thread.run()V+11
v  ~StubRoutines::call_stub

---------------  P R O C E S S  ---------------

Java Threads: ( => current thread )
=>0x15943800 JavaThread "background-preinit" [_thread_in_vm, id=5780, stack(0x15b70000,0x15bc0000)]
  0x15792c00 JavaThread "ReaderThread" [_thread_in_native, id=9424, stack(0x15320000,0x15370000)]
  0x019eac00 JavaThread "Service Thread" daemon [_thread_blocked, id=9536, stack(0x150c0000,0x15110000)]
  0x019e5400 JavaThread "C1 CompilerThread0" daemon [_thread_blocked, id=6684, stack(0x14e90000,0x14ee0000)]
  0x019e4000 JavaThread "Attach Listener" daemon [_thread_blocked, id=8384, stack(0x14f10000,0x14f60000)]
  0x019e1000 JavaThread "Signal Dispatcher" daemon [_thread_blocked, id=8616, stack(0x14e10000,0x14e60000)]
  0x019c7000 JavaThread "Finalizer" daemon [_thread_blocked, id=9792, stack(0x14790000,0x147e0000)]
  0x01968c00 JavaThread "Reference Handler" daemon [_thread_blocked, id=6196, stack(0x14d90000,0x14de0000)]
  0x0192f800 JavaThread "main" [_thread_in_vm, id=5328, stack(0x00420000,0x00470000)]

Other Threads:
  0x01966400 VMThread [stack: 0x146a0000,0x146f0000] [id=7792]
  0x019ecc00 WatcherThread [stack: 0x14f80000,0x14fd0000] [id=9156]

VM state:not at safepoint (normal execution)

VM Mutex/Monitor currently owned by a thread: None

Heap:
 def new generation   total 4928K, used 2567K [0x03c00000, 0x04150000, 0x09150000)
  eden space 4416K,  46% used [0x03c00000, 0x03e04f48, 0x04050000)
  from space 512K,  97% used [0x040d0000, 0x0414d078, 0x04150000)
  to   space 512K,   0% used [0x04050000, 0x04050000, 0x040d0000)
 tenured generation   total 10944K, used 5127K [0x09150000, 0x09c00000, 0x13c00000)
   the space 10944K,  46% used [0x09150000, 0x09651da8, 0x09651e00, 0x09c00000)
 Metaspace       used 7759K, capacity 8650K, committed 8704K, reserved 9600K

Card table byte_map: [0x01a30000,0x01ac0000] byte_map_base: 0x01a12000

Polling page: 0x00240000

CodeCache: size=32768Kb used=1494Kb max_used=1494Kb free=31273Kb
 bounds [0x01b30000, 0x01ca8000, 0x03b30000]
 total_blobs=823 nmethods=652 adapters=101
 compilation: enabled

Compilation events (10 events):
Event: 3.809 Thread 0x019e5400  649             java.lang.invoke.MemberName::getMethodOrFieldType (72 bytes)
Event: 3.810 Thread 0x019e5400 nmethod 649 0x01ca3bc8 code [0x01ca3d80, 0x01ca425c]
Event: 3.824 Thread 0x019e5400  654             java.lang.reflect.Method::getModifiers (5 bytes)
Event: 3.824 Thread 0x019e5400 nmethod 654 0x01ca50c8 code [0x01ca51c0, 0x01ca5240]
Event: 3.826 Thread 0x019e5400  656             sun.reflect.ReflectionFactory::langReflectAccess (15 bytes)
Event: 3.826 Thread 0x019e5400 nmethod 656 0x01ca5288 code [0x01ca5380, 0x01ca5400]
Event: 3.826 Thread 0x019e5400  657             java.lang.reflect.Executable::<init> (5 bytes)
Event: 3.826 Thread 0x019e5400 nmethod 657 0x01ca5448 code [0x01ca5540, 0x01ca55c0]
Event: 3.831 Thread 0x019e5400  658             java.util.HashMap$HashIterator::<init> (79 bytes)
Event: 3.832 Thread 0x019e5400 nmethod 658 0x01ca5608 code [0x01ca5700, 0x01ca5830]

GC Heap History (10 events):
Event: 3.573 GC heap before
{Heap before GC invocations=20 (full 0):
 def new generation   total 4928K, used 4802K [0x03c00000, 0x04150000, 0x09150000)
  eden space 4416K, 100% used [0x03c00000, 0x04050000, 0x04050000)
  from space 512K,  75% used [0x04050000, 0x040b0930, 0x040d0000)
  to   space 512K,   0% used [0x040d0000, 0x040d0000, 0x04150000)
 tenured generation   total 10944K, used 4454K [0x09150000, 0x09c00000, 0x13c00000)
   the space 10944K,  40% used [0x09150000, 0x095a9998, 0x095a9a00, 0x09c00000)
 Metaspace       used 6360K, capacity 7391K, committed 7424K, reserved 7552K
Event: 3.576 GC heap after
Heap after GC invocations=21 (full 0):
 def new generation   total 4928K, used 450K [0x03c00000, 0x04150000, 0x09150000)
  eden space 4416K,   0% used [0x03c00000, 0x03c00000, 0x04050000)
  from space 512K,  87% used [0x040d0000, 0x04140840, 0x04150000)
  to   space 512K,   0% used [0x04050000, 0x04050000, 0x040d0000)
 tenured generation   total 10944K, used 4506K [0x09150000, 0x09c00000, 0x13c00000)
   the space 10944K,  41% used [0x09150000, 0x095b6818, 0x095b6a00, 0x09c00000)
 Metaspace       used 6360K, capacity 7391K, committed 7424K, reserved 7552K
}
Event: 3.620 GC heap before
{Heap before GC invocations=21 (full 0):
 def new generation   total 4928K, used 4866K [0x03c00000, 0x04150000, 0x09150000)
  eden space 4416K, 100% used [0x03c00000, 0x04050000, 0x04050000)
  from space 512K,  87% used [0x040d0000, 0x04140840, 0x04150000)
  to   space 512K,   0% used [0x04050000, 0x04050000, 0x040d0000)
 tenured generation   total 10944K, used 4506K [0x09150000, 0x09c00000, 0x13c00000)
   the space 10944K,  41% used [0x09150000, 0x095b6818, 0x095b6a00, 0x09c00000)
 Metaspace       used 6589K, capacity 7640K, committed 7680K, reserved 8576K
Event: 3.628 GC heap after
Heap after GC invocations=22 (full 0):
 def new generation   total 4928K, used 417K [0x03c00000, 0x04150000, 0x09150000)
  eden space 4416K,   0% used [0x03c00000, 0x03c00000, 0x04050000)
  from space 512K,  81% used [0x04050000, 0x040b86e8, 0x040d0000)
  to   space 512K,   0% used [0x040d0000, 0x040d0000, 0x04150000)
 tenured generation   total 10944K, used 4674K [0x09150000, 0x09c00000, 0x13c00000)
   the space 10944K,  42% used [0x09150000, 0x095e0b10, 0x095e0c00, 0x09c00000)
 Metaspace       used 6589K, capacity 7640K, committed 7680K, reserved 8576K
}
Event: 3.677 GC heap before
{Heap before GC invocations=22 (full 0):
 def new generation   total 4928K, used 4833K [0x03c00000, 0x04150000, 0x09150000)
  eden space 4416K, 100% used [0x03c00000, 0x04050000, 0x04050000)
  from space 512K,  81% used [0x04050000, 0x040b86e8, 0x040d0000)
  to   space 512K,   0% used [0x040d0000, 0x040d0000, 0x04150000)
 tenured generation   total 10944K, used 4674K [0x09150000, 0x09c00000, 0x13c00000)
   the space 10944K,  42% used [0x09150000, 0x095e0b10, 0x095e0c00, 0x09c00000)
 Metaspace       used 6863K, capacity 7903K, committed 7936K, reserved 8576K
Event: 3.681 GC heap after
Heap after GC invocations=23 (full 0):
 def new generation   total 4928K, used 496K [0x03c00000, 0x04150000, 0x09150000)
  eden space 4416K,   0% used [0x03c00000, 0x03c00000, 0x04050000)
  from space 512K,  97% used [0x040d0000, 0x0414c358, 0x04150000)
  to   space 512K,   0% used [0x04050000, 0x04050000, 0x040d0000)
 tenured generation   total 10944K, used 4747K [0x09150000, 0x09c00000, 0x13c00000)
   the space 10944K,  43% used [0x09150000, 0x095f2cf8, 0x095f2e00, 0x09c00000)
 Metaspace       used 6863K, capacity 7903K, committed 7936K, reserved 8576K
}
Event: 3.770 GC heap before
{Heap before GC invocations=23 (full 0):
 def new generation   total 4928K, used 4912K [0x03c00000, 0x04150000, 0x09150000)
  eden space 4416K, 100% used [0x03c00000, 0x04050000, 0x04050000)
  from space 512K,  97% used [0x040d0000, 0x0414c358, 0x04150000)
  to   space 512K,   0% used [0x04050000, 0x04050000, 0x040d0000)
 tenured generation   total 10944K, used 4747K [0x09150000, 0x09c00000, 0x13c00000)
   the space 10944K,  43% used [0x09150000, 0x095f2cf8, 0x095f2e00, 0x09c00000)
 Metaspace       used 7268K, capacity 8160K, committed 8192K, reserved 8576K
Event: 3.773 GC heap after
Heap after GC invocations=24 (full 0):
 def new generation   total 4928K, used 475K [0x03c00000, 0x04150000, 0x09150000)
  eden space 4416K,   0% used [0x03c00000, 0x03c00000, 0x04050000)
  from space 512K,  92% used [0x04050000, 0x040c6c58, 0x040d0000)
  to   space 512K,   0% used [0x040d0000, 0x040d0000, 0x04150000)
 tenured generation   total 10944K, used 4871K [0x09150000, 0x09c00000, 0x13c00000)
   the space 10944K,  44% used [0x09150000, 0x09611fc8, 0x09612000, 0x09c00000)
 Metaspace       used 7268K, capacity 8160K, committed 8192K, reserved 8576K
}
Event: 3.817 GC heap before
{Heap before GC invocations=24 (full 0):
 def new generation   total 4928K, used 4891K [0x03c00000, 0x04150000, 0x09150000)
  eden space 4416K, 100% used [0x03c00000, 0x04050000, 0x04050000)
  from space 512K,  92% used [0x04050000, 0x040c6c58, 0x040d0000)
  to   space 512K,   0% used [0x040d0000, 0x040d0000, 0x04150000)
 tenured generation   total 10944K, used 4871K [0x09150000, 0x09c00000, 0x13c00000)
   the space 10944K,  44% used [0x09150000, 0x09611fc8, 0x09612000, 0x09c00000)
 Metaspace       used 7607K, capacity 8490K, committed 8576K, reserved 8576K
Event: 3.821 GC heap after
Heap after GC invocations=25 (full 0):
 def new generation   total 4928K, used 500K [0x03c00000, 0x04150000, 0x09150000)
  eden space 4416K,   0% used [0x03c00000, 0x03c00000, 0x04050000)
  from space 512K,  97% used [0x040d0000, 0x0414d078, 0x04150000)
  to   space 512K,   0% used [0x04050000, 0x04050000, 0x040d0000)
 tenured generation   total 10944K, used 5127K [0x09150000, 0x09c00000, 0x13c00000)
   the space 10944K,  46% used [0x09150000, 0x09651da8, 0x09651e00, 0x09c00000)
 Metaspace       used 7607K, capacity 8490K, committed 8576K, reserved 8576K
}

Deoptimization events (0 events):
No events

Classes redefined (0 events):
No events

Internal exceptions (10 events):
Event: 3.824 Thread 0x0192f800 Exception <a 'java/lang/ArrayIndexOutOfBoundsException'> (0x03c48040) thrown at [C:\re\workspace\8-2-build-windows-i586-cygwin\jdk8u161\10277\hotspot\src\share\vm\runtime\sharedRuntime.cpp, line 605]
Event: 3.824 Thread 0x0192f800 Exception <a 'java/lang/ArrayIndexOutOfBoundsException'> (0x03c4a3c0) thrown at [C:\re\workspace\8-2-build-windows-i586-cygwin\jdk8u161\10277\hotspot\src\share\vm\runtime\sharedRuntime.cpp, line 605]
Event: 3.824 Thread 0x0192f800 Exception <a 'java/lang/ArrayIndexOutOfBoundsException'> (0x03c4c3d8) thrown at [C:\re\workspace\8-2-build-windows-i586-cygwin\jdk8u161\10277\hotspot\src\share\vm\runtime\sharedRuntime.cpp, line 605]
Event: 3.826 Thread 0x0192f800 Exception <a 'java/lang/ClassNotFoundException': org/springframework/boot/test/mock/mockito/MockitoPostProcessor$SpyPostProcessorCustomizer> (0x03c84568) thrown at [C:\re\workspace\8-2-build-windows-i586-cygwin\jdk8u161\10277\hotspot\src\share\vm\classfil
Event: 3.827 Thread 0x0192f800 Exception <a 'java/lang/ClassNotFoundException': org/springframework/core/PriorityOrderedCustomizer> (0x03cb53c8) thrown at [C:\re\workspace\8-2-build-windows-i586-cygwin\jdk8u161\10277\hotspot\src\share\vm\classfile\systemDictionary.cpp, line 210]
Event: 3.828 Thread 0x0192f800 Exception <a 'java/lang/ClassNotFoundException': org/springframework/beans/factory/config/SmartInstantiationAwareBeanPostProcessorCustomizer> (0x03cde8d8) thrown at [C:\re\workspace\8-2-build-windows-i586-cygwin\jdk8u161\10277\hotspot\src\share\vm\classfi
Event: 3.828 Thread 0x0192f800 Exception <a 'java/lang/ArrayIndexOutOfBoundsException'> (0x03cdfe58) thrown at [C:\re\workspace\8-2-build-windows-i586-cygwin\jdk8u161\10277\hotspot\src\share\vm\runtime\sharedRuntime.cpp, line 605]
Event: 3.829 Thread 0x0192f800 Exception <a 'java/lang/ArrayIndexOutOfBoundsException'> (0x03ce2660) thrown at [C:\re\workspace\8-2-build-windows-i586-cygwin\jdk8u161\10277\hotspot\src\share\vm\runtime\sharedRuntime.cpp, line 605]
Event: 3.831 Thread 0x0192f800 Exception <a 'java/lang/ClassNotFoundException': java/lang/ObjectCustomizer> (0x03d20190) thrown at [C:\re\workspace\8-2-build-windows-i586-cygwin\jdk8u161\10277\hotspot\src\share\vm\classfile\systemDictionary.cpp, line 210]
Event: 3.833 Thread 0x0192f800 Exception <a 'java/lang/ClassNotFoundException': org/springframework/beans/factory/config/InstantiationAwareBeanPostProcessorAdapterCustomizer> (0x03d56340) thrown at [C:\re\workspace\8-2-build-windows-i586-cygwin\jdk8u161\10277\hotspot\src\share\vm\class

Events (10 events):
Event: 3.842 loading class com/fasterxml/jackson/databind/type/TypeBindings
Event: 3.842 loading class com/fasterxml/jackson/databind/type/TypeBindings done
Event: 3.844 loading class com/fasterxml/jackson/databind/introspect/AnnotationIntrospectorPair
Event: 3.844 loading class com/fasterxml/jackson/databind/introspect/AnnotationIntrospectorPair done
Event: 3.845 loading class com/fasterxml/jackson/databind/introspect/NopAnnotationIntrospector
Event: 3.845 loading class com/fasterxml/jackson/databind/introspect/NopAnnotationIntrospector done
Event: 3.847 loading class com/fasterxml/jackson/databind/introspect/Annotated
Event: 3.847 loading class com/fasterxml/jackson/databind/introspect/Annotated done
Event: 3.847 loading class com/fasterxml/jackson/databind/introspect/AnnotatedClass
Event: 3.847 loading class com/fasterxml/jackson/databind/introspect/AnnotatedClass done


Dynamic libraries:
0x000f0000 - 0x00123000 	C:\Program Files\Java\jdk1.8.0_161\bin\javaw.exe
0x77150000 - 0x7728d000 	C:\Windows\SYSTEM32\ntdll.dll
0x767c0000 - 0x76894000 	C:\Windows\system32\kernel32.dll
0x75350000 - 0x7539a000 	C:\Windows\system32\KERNELBASE.dll
0x75ad0000 - 0x75b70000 	C:\Windows\system32\ADVAPI32.dll
0x75a20000 - 0x75acc000 	C:\Windows\system32\msvcrt.dll
0x75600000 - 0x75619000 	C:\Windows\SYSTEM32\sechost.dll
0x76da0000 - 0x76e41000 	C:\Windows\system32\RPCRT4.dll
0x756d0000 - 0x75799000 	C:\Windows\system32\USER32.dll
0x755b0000 - 0x755fe000 	C:\Windows\system32\GDI32.dll
0x757a0000 - 0x757aa000 	C:\Windows\system32\LPK.dll
0x758f0000 - 0x7598d000 	C:\Windows\system32\USP10.dll
0x746b0000 - 0x7484e000 	C:\Windows\WinSxS\x86_microsoft.windows.common-controls_6595b64144ccf1df_6.0.7600.16661_none_420fe3fa2b8113bd\COMCTL32.dll
0x76a40000 - 0x76a97000 	C:\Windows\system32\SHLWAPI.dll
0x756b0000 - 0x756cf000 	C:\Windows\system32\IMM32.DLL
0x768a0000 - 0x7696c000 	C:\Windows\system32\MSCTF.dll
0x59ab0000 - 0x59b6d000 	C:\Program Files\Java\jdk1.8.0_161\jre\bin\msvcr100.dll
0x56af0000 - 0x56ec0000 	C:\Program Files\Java\jdk1.8.0_161\jre\bin\client\jvm.dll
0x6b880000 - 0x6b887000 	C:\Windows\system32\WSOCK32.dll
0x76a00000 - 0x76a35000 	C:\Windows\system32\WS2_32.dll
0x755a0000 - 0x755a6000 	C:\Windows\system32\NSI.dll
0x73bd0000 - 0x73c02000 	C:\Windows\system32\WINMM.dll
0x74690000 - 0x74699000 	C:\Windows\system32\VERSION.dll
0x75a10000 - 0x75a15000 	C:\Windows\system32\PSAPI.DLL
0x6fab0000 - 0x6fabc000 	C:\Program Files\Java\jdk1.8.0_161\jre\bin\verify.dll
0x6e350000 - 0x6e372000 	C:\Program Files\Java\jdk1.8.0_161\jre\bin\java.dll
0x6c980000 - 0x6c994000 	C:\Program Files\Java\jdk1.8.0_161\jre\bin\zip.dll
0x75b70000 - 0x767b9000 	C:\Windows\system32\SHELL32.dll
0x76aa0000 - 0x76bfc000 	C:\Windows\system32\ole32.dll
0x752a0000 - 0x752ab000 	C:\Windows\system32\profapi.dll
0x6b9a0000 - 0x6b9b5000 	C:\Program Files\Java\jdk1.8.0_161\jre\bin\net.dll
0x74ce0000 - 0x74d1c000 	C:\Windows\system32\mswsock.dll
0x74cd0000 - 0x74cd6000 	C:\Windows\System32\wship6.dll
0x731b0000 - 0x731ba000 	C:\Program Files\Java\jdk1.8.0_161\jre\bin\management.dll
0x73ce0000 - 0x73cf0000 	C:\Windows\system32\NLAapi.dll
0x74ba0000 - 0x74be4000 	C:\Windows\system32\DNSAPI.dll
0x6c520000 - 0x6c528000 	C:\Windows\System32\winrnr.dll
0x6c510000 - 0x6c520000 	C:\Windows\system32\napinsp.dll
0x6c4f0000 - 0x6c502000 	C:\Windows\system32\pnrpnsp.dll
0x743a0000 - 0x743ad000 	C:\Windows\system32\wshbth.dll
0x74520000 - 0x74525000 	C:\Windows\System32\wshtcpip.dll
0x72f50000 - 0x72f6c000 	C:\Windows\system32\IPHLPAPI.DLL
0x72f40000 - 0x72f47000 	C:\Windows\system32\WINNSI.DLL
0x6c4e0000 - 0x6c4e6000 	C:\Windows\system32\rasadhlp.dll
0x6e0a0000 - 0x6e0d8000 	C:\Windows\System32\fwpuclnt.dll
0x6cef0000 - 0x6cfdb000 	C:\Windows\system32\dbghelp.dll

VM Arguments:
jvm_args: -ea -Dfile.encoding=UTF-8 
java_command: org.eclipse.jdt.internal.junit.runner.RemoteTestRunner -version 3 -port 53743 -testLoaderClass org.eclipse.jdt.internal.junit4.runner.JUnit4TestLoader -loaderpluginname org.eclipse.jdt.junit4.runtime -test com.cn.wlh.boot.complier.doman.ApplicationTests:test3
java_class_path (initial): C:\Users\wlh\eclipse-workspace\javaxml\target\test-classes;C:\Users\wlh\eclipse-workspace\javaxml\target\classes;C:\Users\wlh\.m2\repository\dom4j\dom4j\1.6.1\dom4j-1.6.1.jar;C:\Users\wlh\.m2\repository\xml-apis\xml-apis\1.4.01\xml-apis-1.4.01.jar;C:\Users\wlh\eclipse-workspace\util\util-base\target\classes;C:\Users\wlh\.m2\repository\junit\junit\4.12\junit-4.12.jar;C:\Users\wlh\.m2\repository\jaxen\jaxen\1.1.6\jaxen-1.1.6.jar;C:\Users\wlh\.m2\repository\org\springframework\boot\spring-boot-starter-test\2.0.3.RELEASE\spring-boot-starter-test-2.0.3.RELEASE.jar;C:\Users\wlh\.m2\repository\org\springframework\boot\spring-boot-starter\2.0.3.RELEASE\spring-boot-starter-2.0.3.RELEASE.jar;C:\Users\wlh\.m2\repository\org\springframework\boot\spring-boot\2.0.3.RELEASE\spring-boot-2.0.3.RELEASE.jar;C:\Users\wlh\.m2\repository\org\springframework\boot\spring-boot-autoconfigure\2.0.3.RELEASE\spring-boot-autoconfigure-2.0.3.RELEASE.jar;C:\Users\wlh\.m2\repository\org\springframework\boot\spring-boot-starter-logging\2.0.3.RELEASE\spring-boot-starter-logging-2.0.3.RELEASE.jar;C:\Users\wlh\.m2\repository\ch\qos\logback\logback-classic\1.2.3\logback-classic-1.2.3.jar;C:\Users\wlh\.m2\repository\ch\qos\logback\logback-core\1.2.3\logback-core-1.2.3.jar;C:\Users\wlh\.m2\repository\org\apache\logging\log4j\log4j-to-slf4j\2.10.0\log4j-to-slf4j-2.10.0.jar;C:\Users\wlh\.m2\repository\org\apache\logging\log4j\log4j-api\2.10.0\log4j-api-2.10.0.jar;C:\Users\wlh\.m2\repository\org\slf4j\jul-to-slf4j\1.7.25\jul-to-slf4j-1.7.25.jar;C:\Users\wlh\.m2\repository\javax\annotation\javax.annotation-api\1.3.2\javax.annotation-api-1.3.2.jar;C:\Users\wlh\.m2\repository\org\yaml\snakeyaml\1.19\snakeyaml-1.19.jar;C:\Users\wlh\.m2\repository\org\springframework\boot\spring-boot-test\2.0.3.RELEASE\spring-boot-test-2.0.3.RELEASE.jar;C:\Users\wlh\.m2\repository\org\springframework\boot\spring-boot-test-autoconfigure\2.0.3.RELEASE\spring-boot-test-autoconfigure-2.0.3.RELEASE.jar;C:\
Launcher Type: SUN_STANDARD

Environment Variables:
JAVA_HOME=C:\Program Files\Java\jdk1.8.0_161
CLASSPATH=.
PATH=C:/Program Files/Java/jdk1.8.0_161/bin/../jre/bin/client;C:/Program Files/Java/jdk1.8.0_161/bin/../jre/bin;C:/Program Files/Java/jdk1.8.0_161/bin/../jre/lib/i386;C:\Program Files\Java\jdk1.8.0_161\bin;D:\maven_jdk8\apache-maven-3.5.0\bin;C:\Windows\system32;C:\Windows;C:\Windows\System32\Wbem;C:\Windows\System32\WindowsPowerShell\v1.0\;C:\Program Files\Intel\WiFi\bin\;C:\Program Files\Common Files\Intel\WirelessCommon\\WirelessCommon\;C:\Program Files\Intel\WiFi\bin\;C:\Program Files\Common Files\Intel\WirelessCommon\;F:\xvxm\32\eclipse;
USERNAME=wlh
OS=Windows_NT
PROCESSOR_IDENTIFIER=x86 Family 6 Model 60 Stepping 3, GenuineIntel



---------------  S Y S T E M  ---------------

OS: Windows 7 Build 7600 (6.1.7600.16481)

CPU:total 2 (initial active 2) (2 cores per cpu, 1 threads per core) family 6 model 60 stepping 3, cmov, cx8, fxsr, mmx, sse, sse2, sse3, ssse3, sse4.1, sse4.2, popcnt, clmul, erms, lzcnt, tsc, tscinvbit

Memory: 4k page, physical 3327528k(846372k free), swap 6653296k(3161580k free)

vm_info: Java HotSpot(TM) Client VM (25.161-b12) for windows-x86 JRE (1.8.0_161-b12), built on Dec 19 2017 17:09:29 by "java_re" with MS VC++ 10.0 (VS2010)

time: Mon Jul 09 16:27:26 2012
elapsed time: 3 seconds (0d 0h 0m 3s)

