#
# A fatal error has been detected by the Java Runtime Environment:
#
#  EXCEPTION_ACCESS_VIOLATION (0xc0000005) at pc=0x645ec26a, pid=8128, tid=0x00001750
#
# JRE version: Java(TM) SE Runtime Environment (8.0_161-b12) (build 1.8.0_161-b12)
# Java VM: Java HotSpot(TM) Client VM (25.161-b12 mixed mode windows-x86 )
# Problematic frame:
# V  [jvm.dll+0x4c26a]
#
# Failed to write core dump. Minidumps are not enabled by default on client versions of Windows
#
# If you would like to submit a bug report, please visit:
#   http://bugreport.java.com/bugreport/crash.jsp
#

---------------  T H R E A D  ---------------

Current thread (0x1406f800):  VMThread [stack: 0x14350000,0x143a0000] [id=5968]

siginfo: ExceptionCode=0xc0000005, reading address 0x15446670

Registers:
EAX=0x15446670, EBX=0x153f72a0, ECX=0x157d0d58, EDX=0x00000004
ESP=0x1439f668, EBP=0x1439f678, ESI=0x153f729c, EDI=0x1439f690
EIP=0x645ec26a, EFLAGS=0x00010246

Top of Stack: (sp=0x1439f668)
0x1439f668:   00000001 01214318 00000000 000002d2
0x1439f678:   1439f6a4 645ec30e 157d0d58 00004e2b
0x1439f688:   1439f690 1439f6a0 00000c8d 00000002
0x1439f698:   16148ea4 16197e4c 00009854 1439f718
0x1439f6a8:   6463be25 1439f720 1439f724 6490d570
0x1439f6b8:   00000000 1439f720 1439f724 6490d570
0x1439f6c8:   00000001 6490d570 00000001 6490d570
0x1439f6d8:   00000001 012885b0 01214318 00000001 

Instructions: (pc=0x645ec26a)
0x645ec24a:   8a 8d 04 8a 89 45 08 85 f6 74 71 f6 46 04 01 8d
0x645ec25a:   5e 04 74 09 83 3d b0 ba 92 64 00 74 5f 8b 46 08
0x645ec26a:   0f b7 08 33 d2 85 c9 0f 9e c2 4a 23 d1 8b 0d 50
0x645ec27a:   cc 90 64 83 c2 0b c1 ea 02 8d 54 0a ff 49 f7 d1 


Register to memory mapping:

EAX=0x15446670 is an unknown value
EBX=0x153f72a0 is an unknown value
ECX=0x157d0d58 is an unknown value
EDX=0x00000004 is an unknown value
ESP=0x1439f668 is an unknown value
EBP=0x1439f678 is an unknown value
ESI=0x153f729c is an unknown value
EDI=0x1439f690 is an unknown value


Stack: [0x14350000,0x143a0000],  sp=0x1439f668,  free space=317k
Native frames: (J=compiled Java code, j=interpreted, Vv=VM code, C=native code)
V  [jvm.dll+0x4c26a]
V  [jvm.dll+0x4c30e]
V  [jvm.dll+0x9be25]
V  [jvm.dll+0x9c209]
V  [jvm.dll+0x9af8f]
V  [jvm.dll+0xa7272]
V  [jvm.dll+0x99bb3]
V  [jvm.dll+0x93b25]
V  [jvm.dll+0x1b9ef6]
V  [jvm.dll+0x18411b]
V  [jvm.dll+0x183521]
V  [jvm.dll+0x183937]
V  [jvm.dll+0x183b32]
V  [jvm.dll+0x1c3be6]
C  [msvcr100.dll+0x10fac]
C  [msvcr100.dll+0x110b1]
C  [kernel32.dll+0x51194]
C  [ntdll.dll+0x5b429]
C  [ntdll.dll+0x5b3fc]

VM_Operation (0x174beb30): GenCollectForAllocation, mode: safepoint, requested by thread 0x16216800


---------------  P R O C E S S  ---------------

Java Threads: ( => current thread )
  0x16216800 JavaThread "localhost-startStop-1" daemon [_thread_blocked, id=7568, stack(0x17470000,0x174c0000)]
  0x1529fc00 JavaThread "Tomcat-startStop-1" daemon [_thread_blocked, id=6936, stack(0x148d0000,0x14920000)]
  0x14104000 JavaThread "Service Thread" daemon [_thread_blocked, id=4364, stack(0x14a30000,0x14a80000)]
  0x140d4400 JavaThread "C1 CompilerThread0" daemon [_thread_blocked, id=6356, stack(0x143a0000,0x143f0000)]
  0x140cd000 JavaThread "JDWP Command Reader" daemon [_thread_in_native, id=8120, stack(0x14870000,0x148c0000)]
  0x140cbc00 JavaThread "JDWP Event Helper Thread" daemon [_thread_blocked, id=3236, stack(0x14500000,0x14550000)]
  0x140c8800 JavaThread "JDWP Transport Listener: dt_socket" daemon [_thread_blocked, id=7992, stack(0x14980000,0x149d0000)]
  0x140bb400 JavaThread "Attach Listener" daemon [_thread_blocked, id=3248, stack(0x14560000,0x145b0000)]
  0x140b8400 JavaThread "Signal Dispatcher" daemon [_thread_blocked, id=6688, stack(0x14490000,0x144e0000)]
  0x1409cc00 JavaThread "Finalizer" daemon [_thread_blocked, id=2692, stack(0x03b90000,0x03be0000)]
  0x14077c00 JavaThread "Reference Handler" daemon [_thread_blocked, id=7656, stack(0x142c0000,0x14310000)]
  0x0031d800 JavaThread "main" [_thread_blocked, id=6276, stack(0x01aa0000,0x01af0000)]

Other Threads:
=>0x1406f800 VMThread [stack: 0x14350000,0x143a0000] [id=5968]
  0x14115c00 WatcherThread [stack: 0x14b40000,0x14b90000] [id=7324]

VM state:at safepoint (normal execution)

VM Mutex/Monitor currently owned by a thread:  ([mutex/lock_event])
[0x0031b4e8] Threads_lock - owner thread: 0x1406f800
[0x0031b8f8] Heap_lock - owner thread: 0x16216800

Heap:
 def new generation   total 10944K, used 1216K [0x03c00000, 0x047e0000, 0x09150000)
  eden space 9728K,   0% used [0x03c00000, 0x03c00000, 0x04580000)
  from space 1216K, 100% used [0x046b0000, 0x047e0000, 0x047e0000)
  to   space 1216K,   0% used [0x04580000, 0x04580000, 0x046b0000)
 tenured generation   total 24692K, used 24646K [0x09150000, 0x0a96d000, 0x13c00000)
   the space 24692K,  99% used [0x09150000, 0x0a961a68, 0x0a961c00, 0x0a96d000)
 Metaspace       used 17123K, capacity 17338K, committed 17408K, reserved 17792K

Card table byte_map: [0x03af0000,0x03b80000] byte_map_base: 0x03ad2000

Polling page: 0x01070000

CodeCache: size=32768Kb used=4179Kb max_used=4179Kb free=28588Kb
 bounds [0x01af0000, 0x01f08000, 0x03af0000]
 total_blobs=2297 nmethods=2115 adapters=120
 compilation: enabled

Compilation events (10 events):
Event: 10.708 Thread 0x140d4400 nmethod 2168 0x01d98688 code [0x01d98780, 0x01d9881c]
Event: 10.708 Thread 0x140d4400 2169             java.util.Vector::<init> (7 bytes)
Event: 10.709 Thread 0x140d4400 nmethod 2169 0x01f04348 code [0x01f04440, 0x01f044ec]
Event: 10.710 Thread 0x140d4400 2170             org.apache.tomcat.util.digester.RulesBase::match (139 bytes)
Event: 10.710 Thread 0x140d4400 nmethod 2170 0x01f04548 code [0x01f046f0, 0x01f04a70]
Event: 10.710 Thread 0x140d4400 2171             com.sun.org.apache.xerces.internal.impl.XMLDocumentFragmentScannerImpl$ElementStack::nextElement (129 bytes)
Event: 10.711 Thread 0x140d4400 nmethod 2171 0x01f04f88 code [0x01f050b0, 0x01f053dc]
Event: 10.711 Thread 0x140d4400 2172             com.sun.org.apache.xerces.internal.impl.XMLDocumentFragmentScannerImpl::checkDepth (100 bytes)
Event: 10.712 Thread 0x140d4400 nmethod 2172 0x01f05688 code [0x01f05820, 0x01f05dbc]
Event: 10.712 Thread 0x140d4400 2173   !         com.sun.org.apache.xerces.internal.parsers.AbstractSAXParser::startElement (318 bytes)

GC Heap History (10 events):
Event: 8.336 GC heap after
Heap after GC invocations=44 (full 2):
 def new generation   total 10944K, used 715K [0x03c00000, 0x047e0000, 0x09150000)
  eden space 9728K,   0% used [0x03c00000, 0x03c00000, 0x04580000)
  from space 1216K,  58% used [0x04580000, 0x04632fe8, 0x046b0000)
  to   space 1216K,   0% used [0x046b0000, 0x046b0000, 0x047e0000)
 tenured generation   total 24308K, used 20973K [0x09150000, 0x0a90d000, 0x13c00000)
   the space 24308K,  86% used [0x09150000, 0x0a5cb460, 0x0a5cb600, 0x0a90d000)
 Metaspace       used 13250K, capacity 13401K, committed 13440K, reserved 13696K
}
Event: 8.493 GC heap before
{Heap before GC invocations=44 (full 2):
 def new generation   total 10944K, used 10443K [0x03c00000, 0x047e0000, 0x09150000)
  eden space 9728K, 100% used [0x03c00000, 0x04580000, 0x04580000)
  from space 1216K,  58% used [0x04580000, 0x04632fe8, 0x046b0000)
  to   space 1216K,   0% used [0x046b0000, 0x046b0000, 0x047e0000)
 tenured generation   total 24308K, used 20973K [0x09150000, 0x0a90d000, 0x13c00000)
   the space 24308K,  86% used [0x09150000, 0x0a5cb460, 0x0a5cb600, 0x0a90d000)
 Metaspace       used 13319K, capacity 13501K, committed 13568K, reserved 13696K
Event: 8.497 GC heap after
Heap after GC invocations=45 (full 2):
 def new generation   total 10944K, used 710K [0x03c00000, 0x047e0000, 0x09150000)
  eden space 9728K,   0% used [0x03c00000, 0x03c00000, 0x04580000)
  from space 1216K,  58% used [0x046b0000, 0x04761b70, 0x047e0000)
  to   space 1216K,   0% used [0x04580000, 0x04580000, 0x046b0000)
 tenured generation   total 24308K, used 21470K [0x09150000, 0x0a90d000, 0x13c00000)
   the space 24308K,  88% used [0x09150000, 0x0a647808, 0x0a647a00, 0x0a90d000)
 Metaspace       used 13319K, capacity 13501K, committed 13568K, reserved 13696K
}
Event: 8.672 GC heap before
{Heap before GC invocations=45 (full 2):
 def new generation   total 10944K, used 10438K [0x03c00000, 0x047e0000, 0x09150000)
  eden space 9728K, 100% used [0x03c00000, 0x04580000, 0x04580000)
  from space 1216K,  58% used [0x046b0000, 0x04761b70, 0x047e0000)
  to   space 1216K,   0% used [0x04580000, 0x04580000, 0x046b0000)
 tenured generation   total 24308K, used 21470K [0x09150000, 0x0a90d000, 0x13c00000)
   the space 24308K,  88% used [0x09150000, 0x0a647808, 0x0a647a00, 0x0a90d000)
 Metaspace       used 13809K, capacity 13987K, committed 14080K, reserved 14720K
Event: 8.677 GC heap after
Heap after GC invocations=46 (full 2):
 def new generation   total 10944K, used 1151K [0x03c00000, 0x047e0000, 0x09150000)
  eden space 9728K,   0% used [0x03c00000, 0x03c00000, 0x04580000)
  from space 1216K,  94% used [0x04580000, 0x0469fd30, 0x046b0000)
  to   space 1216K,   0% used [0x046b0000, 0x046b0000, 0x047e0000)
 tenured generation   total 24308K, used 21835K [0x09150000, 0x0a90d000, 0x13c00000)
   the space 24308K,  89% used [0x09150000, 0x0a6a2d90, 0x0a6a2e00, 0x0a90d000)
 Metaspace       used 13809K, capacity 13987K, committed 14080K, reserved 14720K
}
Event: 10.194 GC heap before
{Heap before GC invocations=46 (full 2):
 def new generation   total 10944K, used 10879K [0x03c00000, 0x047e0000, 0x09150000)
  eden space 9728K, 100% used [0x03c00000, 0x04580000, 0x04580000)
  from space 1216K,  94% used [0x04580000, 0x0469fd30, 0x046b0000)
  to   space 1216K,   0% used [0x046b0000, 0x046b0000, 0x047e0000)
 tenured generation   total 24308K, used 21835K [0x09150000, 0x0a90d000, 0x13c00000)
   the space 24308K,  89% used [0x09150000, 0x0a6a2d90, 0x0a6a2e00, 0x0a90d000)
 Metaspace       used 14662K, capacity 14853K, committed 14976K, reserved 15744K
Event: 10.199 GC heap after
Heap after GC invocations=47 (full 2):
 def new generation   total 10944K, used 1197K [0x03c00000, 0x047e0000, 0x09150000)
  eden space 9728K,   0% used [0x03c00000, 0x03c00000, 0x04580000)
  from space 1216K,  98% used [0x046b0000, 0x047db5f8, 0x047e0000)
  to   space 1216K,   0% used [0x04580000, 0x04580000, 0x046b0000)
 tenured generation   total 24308K, used 22244K [0x09150000, 0x0a90d000, 0x13c00000)
   the space 24308K,  91% used [0x09150000, 0x0a709090, 0x0a709200, 0x0a90d000)
 Metaspace       used 14662K, capacity 14853K, committed 14976K, reserved 15744K
}
Event: 10.481 GC heap before
{Heap before GC invocations=47 (full 2):
 def new generation   total 10944K, used 10925K [0x03c00000, 0x047e0000, 0x09150000)
  eden space 9728K, 100% used [0x03c00000, 0x04580000, 0x04580000)
  from space 1216K,  98% used [0x046b0000, 0x047db5f8, 0x047e0000)
  to   space 1216K,   0% used [0x04580000, 0x04580000, 0x046b0000)
 tenured generation   total 24308K, used 22244K [0x09150000, 0x0a90d000, 0x13c00000)
   the space 24308K,  91% used [0x09150000, 0x0a709090, 0x0a709200, 0x0a90d000)
 Metaspace       used 16382K, capacity 16567K, committed 16640K, reserved 16768K
Event: 10.487 GC heap after
Heap after GC invocations=48 (full 2):
 def new generation   total 10944K, used 1216K [0x03c00000, 0x047e0000, 0x09150000)
  eden space 9728K,   0% used [0x03c00000, 0x03c00000, 0x04580000)
  from space 1216K, 100% used [0x04580000, 0x046b0000, 0x046b0000)
  to   space 1216K,   0% used [0x046b0000, 0x046b0000, 0x047e0000)
 tenured generation   total 24308K, used 23212K [0x09150000, 0x0a90d000, 0x13c00000)
   the space 24308K,  95% used [0x09150000, 0x0a7fb2a8, 0x0a7fb400, 0x0a90d000)
 Metaspace       used 16382K, capacity 16567K, committed 16640K, reserved 16768K
}
Event: 10.712 GC heap before
{Heap before GC invocations=48 (full 2):
 def new generation   total 10944K, used 10944K [0x03c00000, 0x047e0000, 0x09150000)
  eden space 9728K, 100% used [0x03c00000, 0x04580000, 0x04580000)
  from space 1216K, 100% used [0x04580000, 0x046b0000, 0x046b0000)
  to   space 1216K,   0% used [0x046b0000, 0x046b0000, 0x047e0000)
 tenured generation   total 24308K, used 23212K [0x09150000, 0x0a90d000, 0x13c00000)
   the space 24308K,  95% used [0x09150000, 0x0a7fb2a8, 0x0a7fb400, 0x0a90d000)
 Metaspace       used 17123K, capacity 17338K, committed 17408K, reserved 17792K

Deoptimization events (0 events):
No events

Classes redefined (0 events):
No events

Internal exceptions (10 events):
Event: 8.573 Thread 0x0031d800 Exception <a 'java/lang/ArrayIndexOutOfBoundsException'> (0x0415e128) thrown at [C:\re\workspace\8-2-build-windows-i586-cygwin\jdk8u161\10277\hotspot\src\share\vm\runtime\sharedRuntime.cpp, line 605]
Event: 8.573 Thread 0x0031d800 Exception <a 'java/lang/ArrayIndexOutOfBoundsException'> (0x0415f6e8) thrown at [C:\re\workspace\8-2-build-windows-i586-cygwin\jdk8u161\10277\hotspot\src\share\vm\runtime\sharedRuntime.cpp, line 605]
Event: 8.574 Thread 0x0031d800 Exception <a 'java/lang/ArrayIndexOutOfBoundsException'> (0x04160b80) thrown at [C:\re\workspace\8-2-build-windows-i586-cygwin\jdk8u161\10277\hotspot\src\share\vm\runtime\sharedRuntime.cpp, line 605]
Event: 8.759 Thread 0x0031d800 Exception <a 'java/io/FileNotFoundException'> (0x03f9d990) thrown at [C:\re\workspace\8-2-build-windows-i586-cygwin\jdk8u161\10277\hotspot\src\share\vm\prims\jni.cpp, line 709]
Event: 10.321 Thread 0x0031d800 Exception <a 'java/lang/ArrayIndexOutOfBoundsException'> (0x040847d0) thrown at [C:\re\workspace\8-2-build-windows-i586-cygwin\jdk8u161\10277\hotspot\src\share\vm\runtime\sharedRuntime.cpp, line 605]
Event: 10.322 Thread 0x0031d800 Exception <a 'java/lang/ArrayIndexOutOfBoundsException'> (0x04085f68) thrown at [C:\re\workspace\8-2-build-windows-i586-cygwin\jdk8u161\10277\hotspot\src\share\vm\runtime\sharedRuntime.cpp, line 605]
Event: 10.327 Thread 0x0031d800 Exception <a 'java/lang/ArrayIndexOutOfBoundsException'> (0x040a6f68) thrown at [C:\re\workspace\8-2-build-windows-i586-cygwin\jdk8u161\10277\hotspot\src\share\vm\runtime\sharedRuntime.cpp, line 605]
Event: 10.327 Thread 0x0031d800 Exception <a 'java/lang/ArrayIndexOutOfBoundsException'> (0x040a85b8) thrown at [C:\re\workspace\8-2-build-windows-i586-cygwin\jdk8u161\10277\hotspot\src\share\vm\runtime\sharedRuntime.cpp, line 605]
Event: 10.332 Thread 0x0031d800 Exception <a 'java/lang/ArrayIndexOutOfBoundsException'> (0x040ca680) thrown at [C:\re\workspace\8-2-build-windows-i586-cygwin\jdk8u161\10277\hotspot\src\share\vm\runtime\sharedRuntime.cpp, line 605]
Event: 10.335 Thread 0x0031d800 Exception <a 'java/lang/ArrayIndexOutOfBoundsException'> (0x040d6f10) thrown at [C:\re\workspace\8-2-build-windows-i586-cygwin\jdk8u161\10277\hotspot\src\share\vm\runtime\sharedRuntime.cpp, line 605]

Events (10 events):
Event: 10.708 Thread 0x16216800 DEOPT UNPACKING pc=0x01b2c5e5 sp=0x174be960 mode 1
Event: 10.708 Thread 0x16216800 DEOPT PACKING pc=0x01bfd46c sp=0x174beb20
Event: 10.708 Thread 0x16216800 DEOPT UNPACKING pc=0x01b2c5e5 sp=0x174bea40 mode 1
Event: 10.708 Thread 0x16216800 DEOPT PACKING pc=0x01c07dfc sp=0x174beb40
Event: 10.708 Thread 0x16216800 DEOPT UNPACKING pc=0x01b2c5e5 sp=0x174be9f8 mode 1
Event: 10.708 Thread 0x16216800 DEOPT PACKING pc=0x01c40bb4 sp=0x174bec00
Event: 10.708 Thread 0x16216800 DEOPT UNPACKING pc=0x01b2c5e5 sp=0x174beac8 mode 1
Event: 10.708 Thread 0x16216800 DEOPT PACKING pc=0x01c07dfc sp=0x174bec10
Event: 10.708 Thread 0x16216800 DEOPT UNPACKING pc=0x01b2c5e5 sp=0x174beac8 mode 1
Event: 10.712 Executing VM operation: GenCollectForAllocation


Dynamic libraries:
0x01380000 - 0x013b3000 	C:\Program Files\Java\jdk1.8.0_161\bin\javaw.exe
0x76dc0000 - 0x76efd000 	C:\Windows\SYSTEM32\ntdll.dll
0x76880000 - 0x76954000 	C:\Windows\system32\kernel32.dll
0x751c0000 - 0x7520a000 	C:\Windows\system32\KERNELBASE.dll
0x76960000 - 0x76a00000 	C:\Windows\system32\ADVAPI32.dll
0x76f40000 - 0x76fec000 	C:\Windows\system32\msvcrt.dll
0x76a30000 - 0x76a49000 	C:\Windows\SYSTEM32\sechost.dll
0x755c0000 - 0x75661000 	C:\Windows\system32\RPCRT4.dll
0x76520000 - 0x765e9000 	C:\Windows\system32\USER32.dll
0x76d70000 - 0x76dbe000 	C:\Windows\system32\GDI32.dll
0x753b0000 - 0x753ba000 	C:\Windows\system32\LPK.dll
0x76b90000 - 0x76c2d000 	C:\Windows\system32\USP10.dll
0x73e00000 - 0x73f9e000 	C:\Windows\WinSxS\x86_microsoft.windows.common-controls_6595b64144ccf1df_6.0.7600.16661_none_420fe3fa2b8113bd\COMCTL32.dll
0x76750000 - 0x767a7000 	C:\Windows\system32\SHLWAPI.dll
0x76a00000 - 0x76a1f000 	C:\Windows\system32\IMM32.DLL
0x767b0000 - 0x7687c000 	C:\Windows\system32\MSCTF.dll
0x6d7f0000 - 0x6d8ad000 	C:\Program Files\Java\jdk1.8.0_161\jre\bin\msvcr100.dll
0x645a0000 - 0x64970000 	C:\Program Files\Java\jdk1.8.0_161\jre\bin\client\jvm.dll
0x6b210000 - 0x6b217000 	C:\Windows\system32\WSOCK32.dll
0x76b50000 - 0x76b85000 	C:\Windows\system32\WS2_32.dll
0x755b0000 - 0x755b6000 	C:\Windows\system32\NSI.dll
0x73520000 - 0x73552000 	C:\Windows\system32\WINMM.dll
0x74500000 - 0x74509000 	C:\Windows\system32\VERSION.dll
0x76a20000 - 0x76a25000 	C:\Windows\system32\PSAPI.DLL
0x731a0000 - 0x731ac000 	C:\Program Files\Java\jdk1.8.0_161\jre\bin\verify.dll
0x6a4d0000 - 0x6a4f2000 	C:\Program Files\Java\jdk1.8.0_161\jre\bin\java.dll
0x73780000 - 0x737ab000 	C:\Program Files\Java\jdk1.8.0_161\jre\bin\jdwp.dll
0x732b0000 - 0x732b7000 	C:\Program Files\Java\jdk1.8.0_161\jre\bin\npt.dll
0x66520000 - 0x66534000 	C:\Program Files\Java\jdk1.8.0_161\jre\bin\zip.dll
0x758d0000 - 0x76519000 	C:\Windows\system32\SHELL32.dll
0x765f0000 - 0x7674c000 	C:\Windows\system32\ole32.dll
0x74f10000 - 0x74f1b000 	C:\Windows\system32\profapi.dll
0x732a0000 - 0x732a8000 	C:\Program Files\Java\jdk1.8.0_161\jre\bin\dt_socket.dll
0x739a0000 - 0x739b0000 	C:\Windows\system32\NLAapi.dll
0x74950000 - 0x7498c000 	C:\Windows\System32\mswsock.dll
0x74810000 - 0x74854000 	C:\Windows\system32\DNSAPI.dll
0x6c730000 - 0x6c738000 	C:\Windows\System32\winrnr.dll
0x6c720000 - 0x6c730000 	C:\Windows\system32\napinsp.dll
0x6c700000 - 0x6c712000 	C:\Windows\system32\pnrpnsp.dll
0x73ae0000 - 0x73aed000 	C:\Windows\system32\wshbth.dll
0x73360000 - 0x7337c000 	C:\Windows\system32\IPHLPAPI.DLL
0x73350000 - 0x73357000 	C:\Windows\system32\WINNSI.DLL
0x6e770000 - 0x6e7a8000 	C:\Windows\System32\fwpuclnt.dll
0x6c4c0000 - 0x6c4c6000 	C:\Windows\system32\rasadhlp.dll
0x743f0000 - 0x743f5000 	C:\Windows\System32\wshtcpip.dll
0x73290000 - 0x73298000 	D:\maven_jdk8\apache-maven-3.5.0\lib\jansi-native\windows32\jansi.dll
0x65390000 - 0x653a5000 	C:\Program Files\Java\jdk1.8.0_161\jre\bin\net.dll
0x74940000 - 0x74946000 	C:\Windows\System32\wship6.dll
0x73190000 - 0x7319f000 	C:\Program Files\Java\jdk1.8.0_161\jre\bin\nio.dll
0x74990000 - 0x749a6000 	C:\Windows\system32\CRYPTSP.dll
0x74730000 - 0x7476b000 	C:\Windows\system32\rsaenh.dll
0x74570000 - 0x74587000 	C:\Windows\system32\USERENV.dll
0x74e60000 - 0x74e6c000 	C:\Windows\system32\CRYPTBASE.dll
0x70370000 - 0x7037d000 	C:\Windows\system32\dhcpcsvc6.DLL
0x712a0000 - 0x712b2000 	C:\Windows\system32\dhcpcsvc.DLL
0x72b10000 - 0x72b1a000 	C:\Program Files\Java\jdk1.8.0_161\jre\bin\management.dll
0x6c520000 - 0x6c60b000 	C:\Windows\system32\dbghelp.dll

VM Arguments:
jvm_args: -agentlib:jdwp=transport=dt_socket,suspend=y,address=localhost:50238 -Dmaven.home=D:\maven_jdk8\apache-maven-3.5.0 -Dclassworlds.conf=C:\Users\wlh\eclipse-workspace\.metadata\.plugins\org.eclipse.m2e.launching\launches\m2conf139860953822408232.tmp -Dmaven.multiModuleProjectDirectory=C:\Users\wlh\eclipse-workspace\web -Dfile.encoding=GBK 
java_command: org.codehaus.plexus.classworlds.launcher.Launcher -B -X -e -gs D:\maven_jdk8\apache-maven-3.5.0\conf\settings.xml -s D:\maven_jdk8\apache-maven-3.5.0\conf\settings.xml tomcat7:run
java_class_path (initial): D:\maven_jdk8\apache-maven-3.5.0\boot\plexus-classworlds-2.5.2.jar
Launcher Type: SUN_STANDARD

Environment Variables:
JAVA_HOME=C:\Program Files\Java\jdk1.8.0_161
CLASSPATH=.
PATH=C:\Program Files\Java\jdk1.8.0_161\jre\bin;C:/Program Files/Java/jdk1.8.0_161/bin/../jre/bin/client;C:/Program Files/Java/jdk1.8.0_161/bin/../jre/bin;C:/Program Files/Java/jdk1.8.0_161/bin/../jre/lib/i386;C:\Program Files\Java\jdk1.8.0_161\bin;D:\maven_jdk8\apache-maven-3.5.0\bin;C:\Windows\system32;C:\Windows;C:\Windows\System32\Wbem;C:\Windows\System32\WindowsPowerShell\v1.0\;C:\Program Files\Intel\WiFi\bin\;C:\Program Files\Common Files\Intel\WirelessCommon\\WirelessCommon\;C:\Program Files\Intel\WiFi\bin\;C:\Program Files\Common Files\Intel\WirelessCommon\;F:\xvxm\32\eclipse;
USERNAME=wlh
OS=Windows_NT
PROCESSOR_IDENTIFIER=x86 Family 6 Model 60 Stepping 3, GenuineIntel



---------------  S Y S T E M  ---------------

OS: Windows 7 Build 7600 (6.1.7600.16481)

CPU:total 2 (initial active 2) (2 cores per cpu, 1 threads per core) family 6 model 60 stepping 3, cmov, cx8, fxsr, mmx, sse, sse2, sse3, ssse3, sse4.1, sse4.2, popcnt, clmul, erms, lzcnt, tsc, tscinvbit

Memory: 4k page, physical 3327528k(1057384k free), swap 6653296k(4138852k free)

vm_info: Java HotSpot(TM) Client VM (25.161-b12) for windows-x86 JRE (1.8.0_161-b12), built on Dec 19 2017 17:09:29 by "java_re" with MS VC++ 10.0 (VS2010)

time: Mon Sep 03 20:08:54 2018
elapsed time: 10 seconds (0d 0h 0m 10s)

