#
# A fatal error has been detected by the Java Runtime Environment:
#
#  EXCEPTION_ACCESS_VIOLATION (0xc0000005) at pc=0x64660a0a, pid=7020, tid=0x00001d60
#
# JRE version: Java(TM) SE Runtime Environment (8.0_161-b12) (build 1.8.0_161-b12)
# Java VM: Java HotSpot(TM) Client VM (25.161-b12 mixed mode windows-x86 )
# Problematic frame:
# V  [jvm.dll+0xc0a0a]
#
# Failed to write core dump. Minidumps are not enabled by default on client versions of Windows
#
# If you would like to submit a bug report, please visit:
#   http://bugreport.java.com/bugreport/crash.jsp
#

---------------  T H R E A D  ---------------

Current thread (0x1426d800):  VMThread [stack: 0x03d60000,0x03db0000] [id=7520]

siginfo: ExceptionCode=0xc0000005, reading address 0x09646820

Registers:
EAX=0x13e062d8, EBX=0x096418b8, ECX=0x13e062d0, EDX=0x00000001
ESP=0x03daf2c4, EBP=0x03daf2e4, ESI=0x096418bc, EDI=0x09646820
EIP=0x64660a0a, EFLAGS=0x00010202

Top of Stack: (sp=0x03daf2c4)
0x03daf2c4:   142ef000 00000000 6490d4f4 13e062d8
0x03daf2d4:   096418bc 00000003 00000000 13e062d0
0x03daf2e4:   03daf304 64756ac1 096418b0 142ef000
0x03daf2f4:   6490d4f4 00000000 03daf3c4 6490d4f4
0x03daf304:   03daf310 64756cbc 142ef004 03daf4f8
0x03daf314:   6471b673 142ef004 00000001 142ef000
0x03daf324:   00000000 00000000 00000000 03daf34c
0x03daf334:   03daf5f4 76e122c6 75d7f0a3 03daf570 

Instructions: (pc=0x64660a0a)
0x646609ea:   04 8d 34 93 89 75 f0 3b de 0f 83 3a 01 00 00 8d
0x646609fa:   a4 24 00 00 00 00 8b 3b 85 ff 0f 84 1b 01 00 00
0x64660a0a:   8b 07 83 e0 03 3c 03 0f 84 0e 01 00 00 80 3d 54
0x64660a1a:   3b 93 64 00 74 09 57 e8 2a 75 1a 00 83 c4 04 8b 


Register to memory mapping:

EAX=0x13e062d8 is pointing into metadata
EBX=0x096418b8 is pointing into object: 0x096418b0
java.lang.String 
 - klass: 'java/lang/String'
ECX=0x13e062d0 is pointing into metadata
EDX=0x00000001 is an unknown value
ESP=0x03daf2c4 is an unknown value
EBP=0x03daf2e4 is an unknown value
ESI=0x096418bc is pointing into object: 0x096418b0
java.lang.String 
 - klass: 'java/lang/String'
EDI=
[error occurred during error reporting (printing register info), id 0xc0000005]

Stack: [0x03d60000,0x03db0000],  sp=0x03daf2c4,  free space=316k
Native frames: (J=compiled Java code, j=interpreted, Vv=VM code, C=native code)
V  [jvm.dll+0xc0a0a]
V  [jvm.dll+0x1b6ac1]
V  [jvm.dll+0x1b6cbc]
V  [jvm.dll+0x17b673]
V  [jvm.dll+0x17a19a]
V  [jvm.dll+0x98cf0]
V  [jvm.dll+0x99fe1]
V  [jvm.dll+0x9bd70]
V  [jvm.dll+0x9c209]
V  [jvm.dll+0x9af8f]
V  [jvm.dll+0xa7272]
V  [jvm.dll+0x99bb3]
V  [jvm.dll+0x93b25]
V  [jvm.dll+0x1b9ef6]
V  [jvm.dll+0x18411b]
V  [jvm.dll+0x183521]
V  [jvm.dll+0x183937]
V  [jvm.dll+0x183b32]
V  [jvm.dll+0x1c3be6]
C  [msvcr100.dll+0x10fac]
C  [msvcr100.dll+0x110b1]
C  [kernel32.dll+0x51194]
C  [ntdll.dll+0x5b429]
C  [ntdll.dll+0x5b3fc]

VM_Operation (0x01c4e0f8): GenCollectForAllocation, mode: safepoint, requested by thread 0x0025d400


---------------  P R O C E S S  ---------------

Java Threads: ( => current thread )
  0x142ef000 JavaThread "Service Thread" daemon [_thread_blocked, id=7008, stack(0x14540000,0x14590000)]
  0x142b1c00 JavaThread "C1 CompilerThread0" daemon [_thread_blocked, id=1560, stack(0x147b0000,0x14800000)]
  0x142c6000 JavaThread "Attach Listener" daemon [_thread_blocked, id=1236, stack(0x14590000,0x145e0000)]
  0x142c5400 JavaThread "Signal Dispatcher" daemon [_thread_blocked, id=6148, stack(0x14690000,0x146e0000)]
  0x14298c00 JavaThread "Finalizer" daemon [_thread_blocked, id=7188, stack(0x144f0000,0x14540000)]
  0x14273c00 JavaThread "Reference Handler" daemon [_thread_blocked, id=3952, stack(0x14490000,0x144e0000)]
  0x0025d400 JavaThread "main" [_thread_blocked, id=7192, stack(0x01c00000,0x01c50000)]

Other Threads:
=>0x1426d800 VMThread [stack: 0x03d60000,0x03db0000] [id=7520]
  0x142fcc00 WatcherThread [stack: 0x14810000,0x14860000] [id=1592]

VM state:at safepoint (normal execution)

VM Mutex/Monitor currently owned by a thread:  ([mutex/lock_event])
[0x0025b030] Threads_lock - owner thread: 0x1426d800
[0x0025b440] Heap_lock - owner thread: 0x0025d400

Heap:
 def new generation   total 4928K, used 403K [0x03e00000, 0x04350000, 0x09350000)
  eden space 4416K,   0% used [0x03e00000, 0x03e00000, 0x04250000)
  from space 512K,  78% used [0x04250000, 0x042b4f28, 0x042d0000)
  to   space 512K,   0% used [0x042d0000, 0x042d0000, 0x04350000)
 tenured generation   total 11328K, used 11242K [0x09350000, 0x09e60000, 0x13e00000)
   the space 11328K,  99% used [0x09350000, 0x09e4aa50, 0x09e4ac00, 0x09e60000)
 Metaspace       used 9210K, capacity 9327K, committed 9472K, reserved 9600K

Card table byte_map: [0x01b20000,0x01bb0000] byte_map_base: 0x01b01000

Polling page: 0x00240000

CodeCache: size=32768Kb used=2240Kb max_used=2240Kb free=30527Kb
 bounds [0x01c50000, 0x01e88000, 0x03c50000]
 total_blobs=1214 nmethods=1043 adapters=101
 compilation: enabled

Compilation events (10 events):
Event: 4.440 Thread 0x142b1c00 1053             org.eclipse.aether.artifact.DefaultArtifact::getVersion (5 bytes)
Event: 4.440 Thread 0x142b1c00 nmethod 1053 0x01e7d248 code [0x01e7d340, 0x01e7d3c0]
Event: 4.444 Thread 0x142b1c00 1054             java.util.LinkedHashMap$LinkedKeyIterator::next (8 bytes)
Event: 4.444 Thread 0x142b1c00 nmethod 1054 0x01e7d408 code [0x01e7d510, 0x01e7d5ac]
Event: 4.447 Thread 0x142b1c00 1055             org.apache.maven.model.Plugin::setArtifactId (6 bytes)
Event: 4.447 Thread 0x142b1c00 nmethod 1055 0x01e7d648 code [0x01e7d740, 0x01e7d7d0]
Event: 4.450 Thread 0x142b1c00 1056             org.apache.maven.model.io.xpp3.MavenXpp3Reader::parseDeveloper (497 bytes)
Event: 4.455 Thread 0x142b1c00 nmethod 1056 0x01e7d808 code [0x01e7dc20, 0x01e7eb20]
Event: 4.455 Thread 0x142b1c00 1057             java.util.regex.Pattern$Start::match (90 bytes)
Event: 4.455 Thread 0x142b1c00 nmethod 1057 0x01e80388 code [0x01e80490, 0x01e805ec]

GC Heap History (10 events):
Event: 3.978 GC heap after
Heap after GC invocations=19 (full 0):
 def new generation   total 4928K, used 512K [0x03e00000, 0x04350000, 0x09350000)
  eden space 4416K,   0% used [0x03e00000, 0x03e00000, 0x04250000)
  from space 512K, 100% used [0x042d0000, 0x04350000, 0x04350000)
  to   space 512K,   0% used [0x04250000, 0x04250000, 0x042d0000)
 tenured generation   total 10944K, used 9266K [0x09350000, 0x09e00000, 0x13e00000)
   the space 10944K,  84% used [0x09350000, 0x09c5c8c8, 0x09c5ca00, 0x09e00000)
 Metaspace       used 9098K, capacity 9229K, committed 9344K, reserved 9600K
}
Event: 4.105 GC heap before
{Heap before GC invocations=19 (full 0):
 def new generation   total 4928K, used 4928K [0x03e00000, 0x04350000, 0x09350000)
  eden space 4416K, 100% used [0x03e00000, 0x04250000, 0x04250000)
  from space 512K, 100% used [0x042d0000, 0x04350000, 0x04350000)
  to   space 512K,   0% used [0x04250000, 0x04250000, 0x042d0000)
 tenured generation   total 10944K, used 9266K [0x09350000, 0x09e00000, 0x13e00000)
   the space 10944K,  84% used [0x09350000, 0x09c5c8c8, 0x09c5ca00, 0x09e00000)
 Metaspace       used 9173K, capacity 9293K, committed 9344K, reserved 9600K
Event: 4.113 GC heap after
Heap after GC invocations=20 (full 0):
 def new generation   total 4928K, used 410K [0x03e00000, 0x04350000, 0x09350000)
  eden space 4416K,   0% used [0x03e00000, 0x03e00000, 0x04250000)
  from space 512K,  80% used [0x04250000, 0x042b6840, 0x042d0000)
  to   space 512K,   0% used [0x042d0000, 0x042d0000, 0x04350000)
 tenured generation   total 10944K, used 9709K [0x09350000, 0x09e00000, 0x13e00000)
   the space 10944K,  88% used [0x09350000, 0x09ccb4b8, 0x09ccb600, 0x09e00000)
 Metaspace       used 9173K, capacity 9293K, committed 9344K, reserved 9600K
}
Event: 4.214 GC heap before
{Heap before GC invocations=20 (full 0):
 def new generation   total 4928K, used 4826K [0x03e00000, 0x04350000, 0x09350000)
  eden space 4416K, 100% used [0x03e00000, 0x04250000, 0x04250000)
  from space 512K,  80% used [0x04250000, 0x042b6840, 0x042d0000)
  to   space 512K,   0% used [0x042d0000, 0x042d0000, 0x04350000)
 tenured generation   total 10944K, used 9709K [0x09350000, 0x09e00000, 0x13e00000)
   the space 10944K,  88% used [0x09350000, 0x09ccb4b8, 0x09ccb600, 0x09e00000)
 Metaspace       used 9196K, capacity 9295K, committed 9344K, reserved 9600K
Event: 4.222 GC heap after
Heap after GC invocations=21 (full 0):
 def new generation   total 4928K, used 512K [0x03e00000, 0x04350000, 0x09350000)
  eden space 4416K,   0% used [0x03e00000, 0x03e00000, 0x04250000)
  from space 512K, 100% used [0x042d0000, 0x04350000, 0x04350000)
  to   space 512K,   0% used [0x04250000, 0x04250000, 0x042d0000)
 tenured generation   total 10944K, used 10174K [0x09350000, 0x09e00000, 0x13e00000)
   the space 10944K,  92% used [0x09350000, 0x09d3f860, 0x09d3fa00, 0x09e00000)
 Metaspace       used 9196K, capacity 9295K, committed 9344K, reserved 9600K
}
Event: 4.293 GC heap before
{Heap before GC invocations=21 (full 0):
 def new generation   total 4928K, used 4928K [0x03e00000, 0x04350000, 0x09350000)
  eden space 4416K, 100% used [0x03e00000, 0x04250000, 0x04250000)
  from space 512K, 100% used [0x042d0000, 0x04350000, 0x04350000)
  to   space 512K,   0% used [0x04250000, 0x04250000, 0x042d0000)
 tenured generation   total 10944K, used 10174K [0x09350000, 0x09e00000, 0x13e00000)
   the space 10944K,  92% used [0x09350000, 0x09d3f860, 0x09d3fa00, 0x09e00000)
 Metaspace       used 9196K, capacity 9295K, committed 9344K, reserved 9600K
Event: 4.299 GC heap after
Heap after GC invocations=22 (full 0):
 def new generation   total 4928K, used 418K [0x03e00000, 0x04350000, 0x09350000)
  eden space 4416K,   0% used [0x03e00000, 0x03e00000, 0x04250000)
  from space 512K,  81% used [0x04250000, 0x042b8bf8, 0x042d0000)
  to   space 512K,   0% used [0x042d0000, 0x042d0000, 0x04350000)
 tenured generation   total 10944K, used 10470K [0x09350000, 0x09e00000, 0x13e00000)
   the space 10944K,  95% used [0x09350000, 0x09d89b08, 0x09d89c00, 0x09e00000)
 Metaspace       used 9196K, capacity 9295K, committed 9344K, reserved 9600K
}
Event: 4.353 GC heap before
{Heap before GC invocations=22 (full 0):
 def new generation   total 4928K, used 4834K [0x03e00000, 0x04350000, 0x09350000)
  eden space 4416K, 100% used [0x03e00000, 0x04250000, 0x04250000)
  from space 512K,  81% used [0x04250000, 0x042b8bf8, 0x042d0000)
  to   space 512K,   0% used [0x042d0000, 0x042d0000, 0x04350000)
 tenured generation   total 10944K, used 10470K [0x09350000, 0x09e00000, 0x13e00000)
   the space 10944K,  95% used [0x09350000, 0x09d89b08, 0x09d89c00, 0x09e00000)
 Metaspace       used 9196K, capacity 9295K, committed 9344K, reserved 9600K
Event: 4.359 GC heap after
Heap after GC invocations=23 (full 0):
 def new generation   total 4928K, used 456K [0x03e00000, 0x04350000, 0x09350000)
  eden space 4416K,   0% used [0x03e00000, 0x03e00000, 0x04250000)
  from space 512K,  89% used [0x042d0000, 0x04342228, 0x04350000)
  to   space 512K,   0% used [0x04250000, 0x04250000, 0x042d0000)
 tenured generation   total 10944K, used 10879K [0x09350000, 0x09e00000, 0x13e00000)
   the space 10944K,  99% used [0x09350000, 0x09defc58, 0x09defe00, 0x09e00000)
 Metaspace       used 9196K, capacity 9295K, committed 9344K, reserved 9600K
}
Event: 4.459 GC heap before
{Heap before GC invocations=23 (full 0):
 def new generation   total 4928K, used 4872K [0x03e00000, 0x04350000, 0x09350000)
  eden space 4416K, 100% used [0x03e00000, 0x04250000, 0x04250000)
  from space 512K,  89% used [0x042d0000, 0x04342228, 0x04350000)
  to   space 512K,   0% used [0x04250000, 0x04250000, 0x042d0000)
 tenured generation   total 10944K, used 10879K [0x09350000, 0x09e00000, 0x13e00000)
   the space 10944K,  99% used [0x09350000, 0x09defc58, 0x09defe00, 0x09e00000)
 Metaspace       used 9210K, capacity 9327K, committed 9472K, reserved 9600K

Deoptimization events (0 events):
No events

Classes redefined (0 events):
No events

Internal exceptions (10 events):
Event: 3.026 Thread 0x0025d400 Exception <a 'java/lang/NoClassDefFoundError': javax/annotation/Priority> (0x0407df30) thrown at [C:\re\workspace\8-2-build-windows-i586-cygwin\jdk8u161\10277\hotspot\src\share\vm\classfile\systemDictionary.cpp, line 199]
Event: 3.308 Thread 0x0025d400 Exception <a 'java/lang/ArrayIndexOutOfBoundsException'> (0x03f45af0) thrown at [C:\re\workspace\8-2-build-windows-i586-cygwin\jdk8u161\10277\hotspot\src\share\vm\runtime\sharedRuntime.cpp, line 605]
Event: 3.475 Thread 0x0025d400 Exception <a 'java/lang/NullPointerException'> (0x0422ac40) thrown at [C:\re\workspace\8-2-build-windows-i586-cygwin\jdk8u161\10277\hotspot\src\share\vm\interpreter\linkResolver.cpp, line 1185]
Event: 3.475 Thread 0x0025d400 Exception <a 'java/lang/NullPointerException'> (0x0422ae50) thrown at [C:\re\workspace\8-2-build-windows-i586-cygwin\jdk8u161\10277\hotspot\src\share\vm\interpreter\linkResolver.cpp, line 1185]
Event: 3.475 Thread 0x0025d400 Exception <a 'java/lang/NullPointerException'> (0x0422b060) thrown at [C:\re\workspace\8-2-build-windows-i586-cygwin\jdk8u161\10277\hotspot\src\share\vm\interpreter\linkResolver.cpp, line 1185]
Event: 3.477 Thread 0x0025d400 Exception <a 'java/lang/NullPointerException'> (0x04240880) thrown at [C:\re\workspace\8-2-build-windows-i586-cygwin\jdk8u161\10277\hotspot\src\share\vm\interpreter\linkResolver.cpp, line 1185]
Event: 3.477 Thread 0x0025d400 Exception <a 'java/lang/NullPointerException'> (0x04240a90) thrown at [C:\re\workspace\8-2-build-windows-i586-cygwin\jdk8u161\10277\hotspot\src\share\vm\interpreter\linkResolver.cpp, line 1185]
Event: 3.477 Thread 0x0025d400 Exception <a 'java/lang/NullPointerException'> (0x04240ca0) thrown at [C:\re\workspace\8-2-build-windows-i586-cygwin\jdk8u161\10277\hotspot\src\share\vm\interpreter\linkResolver.cpp, line 1185]
Event: 3.618 Thread 0x0025d400 Exception <a 'java/lang/ArrayIndexOutOfBoundsException'> (0x04133cb8) thrown at [C:\re\workspace\8-2-build-windows-i586-cygwin\jdk8u161\10277\hotspot\src\share\vm\runtime\sharedRuntime.cpp, line 605]
Event: 3.619 Thread 0x0025d400 Exception <a 'java/lang/ArrayIndexOutOfBoundsException'> (0x04136258) thrown at [C:\re\workspace\8-2-build-windows-i586-cygwin\jdk8u161\10277\hotspot\src\share\vm\runtime\sharedRuntime.cpp, line 605]

Events (10 events):
Event: 4.359 Executing VM operation: GenCollectForAllocation done
Event: 4.400 loading class org/eclipse/aether/graph/Dependency$Exclusions$1
Event: 4.400 loading class org/eclipse/aether/graph/Dependency$Exclusions$1 done
Event: 4.401 loading class org/eclipse/aether/util/graph/selector/ExclusionDependencySelector$ExclusionComparator
Event: 4.401 loading class org/eclipse/aether/util/graph/selector/ExclusionDependencySelector$ExclusionComparator done
Event: 4.438 loading class java/util/stream/IntStream
Event: 4.438 loading class java/util/stream/BaseStream
Event: 4.438 loading class java/util/stream/BaseStream done
Event: 4.438 loading class java/util/stream/IntStream done
Event: 4.458 Executing VM operation: GenCollectForAllocation


Dynamic libraries:
0x001f0000 - 0x00223000 	C:\Program Files\Java\jdk1.8.0_161\bin\javaw.exe
0x76dc0000 - 0x76efd000 	C:\Windows\SYSTEM32\ntdll.dll
0x76880000 - 0x76954000 	C:\Windows\system32\kernel32.dll
0x751c0000 - 0x7520a000 	C:\Windows\system32\KERNELBASE.dll
0x76960000 - 0x76a00000 	C:\Windows\system32\ADVAPI32.dll
0x76f40000 - 0x76fec000 	C:\Windows\system32\msvcrt.dll
0x76a30000 - 0x76a49000 	C:\Windows\SYSTEM32\sechost.dll
0x755c0000 - 0x75661000 	C:\Windows\system32\RPCRT4.dll
0x76520000 - 0x765e9000 	C:\Windows\system32\USER32.dll
0x76d70000 - 0x76dbe000 	C:\Windows\system32\GDI32.dll
0x753b0000 - 0x753ba000 	C:\Windows\system32\LPK.dll
0x76b90000 - 0x76c2d000 	C:\Windows\system32\USP10.dll
0x73e00000 - 0x73f9e000 	C:\Windows\WinSxS\x86_microsoft.windows.common-controls_6595b64144ccf1df_6.0.7600.16661_none_420fe3fa2b8113bd\COMCTL32.dll
0x76750000 - 0x767a7000 	C:\Windows\system32\SHLWAPI.dll
0x76a00000 - 0x76a1f000 	C:\Windows\system32\IMM32.DLL
0x767b0000 - 0x7687c000 	C:\Windows\system32\MSCTF.dll
0x6d8b0000 - 0x6d96d000 	C:\Program Files\Java\jdk1.8.0_161\jre\bin\msvcr100.dll
0x645a0000 - 0x64970000 	C:\Program Files\Java\jdk1.8.0_161\jre\bin\client\jvm.dll
0x6b210000 - 0x6b217000 	C:\Windows\system32\WSOCK32.dll
0x76b50000 - 0x76b85000 	C:\Windows\system32\WS2_32.dll
0x755b0000 - 0x755b6000 	C:\Windows\system32\NSI.dll
0x73520000 - 0x73552000 	C:\Windows\system32\WINMM.dll
0x74500000 - 0x74509000 	C:\Windows\system32\VERSION.dll
0x76a20000 - 0x76a25000 	C:\Windows\system32\PSAPI.DLL
0x731a0000 - 0x731ac000 	C:\Program Files\Java\jdk1.8.0_161\jre\bin\verify.dll
0x6a4d0000 - 0x6a4f2000 	C:\Program Files\Java\jdk1.8.0_161\jre\bin\java.dll
0x66520000 - 0x66534000 	C:\Program Files\Java\jdk1.8.0_161\jre\bin\zip.dll
0x758d0000 - 0x76519000 	C:\Windows\system32\SHELL32.dll
0x765f0000 - 0x7674c000 	C:\Windows\system32\ole32.dll
0x74f10000 - 0x74f1b000 	C:\Windows\system32\profapi.dll
0x73780000 - 0x73788000 	D:\maven_jdk8\apache-maven-3.5.0\lib\jansi-native\windows32\jansi.dll
0x65390000 - 0x653a5000 	C:\Program Files\Java\jdk1.8.0_161\jre\bin\net.dll
0x74950000 - 0x7498c000 	C:\Windows\system32\mswsock.dll
0x74940000 - 0x74946000 	C:\Windows\System32\wship6.dll
0x73190000 - 0x7319f000 	C:\Program Files\Java\jdk1.8.0_161\jre\bin\nio.dll
0x6c520000 - 0x6c60b000 	C:\Windows\system32\dbghelp.dll

VM Arguments:
jvm_args: -Dmaven.home=D:\maven_jdk8\apache-maven-3.5.0 -Dclassworlds.conf=C:\Users\wlh\eclipse-workspace\.metadata\.plugins\org.eclipse.m2e.launching\launches\m2conf2763077294148708844.tmp -Dmaven.multiModuleProjectDirectory=C:\Users\wlh\eclipse-workspace\web -Dfile.encoding=GBK 
java_command: org.codehaus.plexus.classworlds.launcher.Launcher -B -X -e -gs D:\maven_jdk8\apache-maven-3.5.0\conf\settings.xml -s D:\maven_jdk8\apache-maven-3.5.0\conf\settings.xml tomcat7:run
java_class_path (initial): D:\maven_jdk8\apache-maven-3.5.0\boot\plexus-classworlds-2.5.2.jar
Launcher Type: SUN_STANDARD

Environment Variables:
JAVA_HOME=C:\Program Files\Java\jdk1.8.0_161
CLASSPATH=.
PATH=C:/Program Files/Java/jdk1.8.0_161/bin/../jre/bin/client;C:/Program Files/Java/jdk1.8.0_161/bin/../jre/bin;C:/Program Files/Java/jdk1.8.0_161/bin/../jre/lib/i386;C:\Program Files\Java\jdk1.8.0_161\bin;D:\maven_jdk8\apache-maven-3.5.0\bin;C:\Windows\system32;C:\Windows;C:\Windows\System32\Wbem;C:\Windows\System32\WindowsPowerShell\v1.0\;C:\Program Files\Intel\WiFi\bin\;C:\Program Files\Common Files\Intel\WirelessCommon\\WirelessCommon\;C:\Program Files\Intel\WiFi\bin\;C:\Program Files\Common Files\Intel\WirelessCommon\;F:\xvxm\32\eclipse;
USERNAME=wlh
OS=Windows_NT
PROCESSOR_IDENTIFIER=x86 Family 6 Model 60 Stepping 3, GenuineIntel



---------------  S Y S T E M  ---------------

OS: Windows 7 Build 7600 (6.1.7600.16481)

CPU:total 2 (initial active 2) (2 cores per cpu, 1 threads per core) family 6 model 60 stepping 3, cmov, cx8, fxsr, mmx, sse, sse2, sse3, ssse3, sse4.1, sse4.2, popcnt, clmul, erms, lzcnt, tsc, tscinvbit

Memory: 4k page, physical 3327528k(1078300k free), swap 6653296k(4169060k free)

vm_info: Java HotSpot(TM) Client VM (25.161-b12) for windows-x86 JRE (1.8.0_161-b12), built on Dec 19 2017 17:09:29 by "java_re" with MS VC++ 10.0 (VS2010)

time: Mon Sep 03 20:51:28 2018
elapsed time: 4 seconds (0d 0h 0m 4s)

